---------------------------------------------------------------
[ 2018-10-13T17:31:27+08:00 ] 127.0.0.1 GET /admin
[ info ] 127.0.0.4/admin [运行时间：0.668038s][吞吐率：1.50req/s] [内存消耗：2,059.31kb] [文件加载：69]
[ info ] [ BEHAVIOR ] Run Closure @app_init [ RunTime:0.000000s ]
[ info ] [ CACHE ] INIT File
[ info ] [ BEHAVIOR ] Run \addons\epay\Epay @app_init [ RunTime:0.044003s ]
[ info ] [ BEHAVIOR ] Run Closure @app_init [ RunTime:0.044003s ]
[ info ] [ LANG ] C:\phpstudy\PHPTutorial\WWW\fastadmin\thinkphp\lang\zh-cn.php
[ info ] [ ROUTE ] array (
  'type' => 'module',
  'module' => 
  array (
    0 => 'admin',
    1 => NULL,
    2 => NULL,
  ),
)
[ info ] [ HEADER ] array (
  'cookie' => 'uid=3; token=2270e93f-eccc-4b59-af0e-e079232d322f; Hm_lvt_f8d0a8c400404989e195270b0bbf060a=1537263526,1537855413,1538201110,1539227881',
  'accept-language' => 'zh-CN,zh;q=0.9',
  'accept-encoding' => 'gzip, deflate, br',
  'accept' => 'text/html,application/xhtml+xml,application/xml;q=0.9,image/webp,image/apng,*/*;q=0.8',
  'user-agent' => 'Mozilla/5.0 (Windows NT 6.1; WOW64) AppleWebKit/537.36 (KHTML, like Gecko) Chrome/68.0.3440.84 Safari/537.36',
  'upgrade-insecure-requests' => '1',
  'connection' => 'close',
  'host' => '127.0.0.4',
)
[ info ] [ PARAM ] array (
)
[ info ] [ LANG ] C:\phpstudy\PHPTutorial\WWW\fastadmin\public/../application/admin\lang\zh-cn.php
[ info ] [ BEHAVIOR ] Run app\common\behavior\Common @module_init [ RunTime:0.022002s ]
[ info ] [ SESSION ] INIT array (
  'id' => '',
  'var_session_id' => '',
  'prefix' => 'think',
  'type' => '',
  'auto_start' => true,
)
[ info ] [ VIEW ] C:\phpstudy\PHPTutorial\WWW\fastadmin\public/../application/common\view\tpl\dispatch_jump.tpl [ array (
  0 => 'code',
  1 => 'msg',
  2 => 'data',
  3 => 'url',
  4 => 'wait',
) ]
[ info ] [ BEHAVIOR ] Run app\admin\behavior\AdminLog @app_end [ RunTime:0.001000s ]
[ info ] [ LOG ] INIT File
