---------------------------------------------------------------
[ 2018-11-05T17:35:06+08:00 ] 127.0.0.1 GET /
[ info ] 127.0.0.4/ [运行时间：0.970056s][吞吐率：1.03req/s] [内存消耗：2,302.52kb] [文件加载：68]
[ info ] [ BEHAVIOR ] Run Closure @app_init [ RunTime:0.000000s ]
[ info ] [ CACHE ] INIT File
[ info ] [ BEHAVIOR ] Run \addons\epay\Epay @app_init [ RunTime:0.060003s ]
[ info ] [ BEHAVIOR ] Run Closure @app_init [ RunTime:0.060003s ]
[ info ] [ LANG ] C:\phpstudy\PHPTutorial\WWW\fastadmin\thinkphp\lang\zh-cn.php
[ info ] [ ROUTE ] array (
  'type' => 'module',
  'module' => 
  array (
    0 => '',
    1 => NULL,
    2 => NULL,
  ),
)
[ info ] [ HEADER ] array (
  'cookie' => 'Hm_lvt_f8d0a8c400404989e195270b0bbf060a=1537855413,1538201110,1539227881,1540349337',
  'accept-language' => 'zh-CN,zh;q=0.9',
  'accept-encoding' => 'gzip, deflate, br',
  'accept' => 'text/html,application/xhtml+xml,application/xml;q=0.9,image/webp,image/apng,*/*;q=0.8',
  'user-agent' => 'Mozilla/5.0 (Windows NT 6.1; WOW64) AppleWebKit/537.36 (KHTML, like Gecko) Chrome/68.0.3440.84 Safari/537.36',
  'upgrade-insecure-requests' => '1',
  'connection' => 'close',
  'host' => '127.0.0.4',
)
[ info ] [ PARAM ] array (
)
[ info ] [ LANG ] C:\phpstudy\PHPTutorial\WWW\fastadmin\public/../application/index\lang\zh-cn.php
[ info ] [ BEHAVIOR ] Run app\common\behavior\Common @module_init [ RunTime:0.040002s ]
[ info ] [ LANG ] C:\phpstudy\PHPTutorial\WWW\fastadmin\public/../application/index/lang/zh-cn/index.php
[ info ] [ RUN ] app\index\controller\Index->index[ C:\phpstudy\PHPTutorial\WWW\fastadmin\application\index\controller\Index.php ]
[ info ] [ VIEW ] C:\phpstudy\PHPTutorial\WWW\fastadmin\public/../application/index\view\index\index.html [ array (
  0 => 'user',
  1 => 'site',
  2 => 'config',
) ]
[ info ] [ LOG ] INIT File
---------------------------------------------------------------
[ 2018-11-05T17:35:07+08:00 ] 127.0.0.1 GET /favicon.ico
[ info ] 127.0.0.4/favicon.ico [运行时间：0.124007s][吞吐率：8.06req/s] [内存消耗：1,562.52kb] [文件加载：55]
[ info ] [ BEHAVIOR ] Run Closure @app_init [ RunTime:0.000000s ]
[ info ] [ CACHE ] INIT File
[ info ] [ BEHAVIOR ] Run \addons\epay\Epay @app_init [ RunTime:0.005000s ]
[ info ] [ BEHAVIOR ] Run Closure @app_init [ RunTime:0.006001s ]
[ info ] [ LANG ] C:\phpstudy\PHPTutorial\WWW\fastadmin\thinkphp\lang\zh-cn.php
[ info ] [ ROUTE ] array (
  'type' => 'module',
  'module' => 
  array (
    0 => 'favicon.ico',
    1 => NULL,
    2 => NULL,
  ),
)
[ info ] [ HEADER ] array (
  'cookie' => 'PHPSESSID=6pf81u8r3jpd0oncgcr29086c5; Hm_lvt_f8d0a8c400404989e195270b0bbf060a=1539227881,1540349337,1541410507; Hm_lpvt_f8d0a8c400404989e195270b0bbf060a=1541410507',
  'accept-language' => 'zh-CN,zh;q=0.9',
  'accept-encoding' => 'gzip, deflate, br',
  'referer' => 'http://127.0.0.4/',
  'accept' => 'image/webp,image/apng,image/*,*/*;q=0.8',
  'user-agent' => 'Mozilla/5.0 (Windows NT 6.1; WOW64) AppleWebKit/537.36 (KHTML, like Gecko) Chrome/68.0.3440.84 Safari/537.36',
  'connection' => 'close',
  'host' => '127.0.0.4',
)
[ info ] [ PARAM ] array (
)
[ info ] [ LOG ] INIT File
---------------------------------------------------------------
[ 2018-11-05T17:35:08+08:00 ] 127.0.0.1 GET /admin/index/login.html
[ info ] 127.0.0.4/admin/index/login.html [运行时间：0.238014s][吞吐率：4.20req/s] [内存消耗：2,483.67kb] [文件加载：74]
[ info ] [ BEHAVIOR ] Run Closure @app_init [ RunTime:0.000000s ]
[ info ] [ CACHE ] INIT File
[ info ] [ BEHAVIOR ] Run \addons\epay\Epay @app_init [ RunTime:0.009000s ]
[ info ] [ BEHAVIOR ] Run Closure @app_init [ RunTime:0.009000s ]
[ info ] [ LANG ] C:\phpstudy\PHPTutorial\WWW\fastadmin\thinkphp\lang\zh-cn.php
[ info ] [ ROUTE ] array (
  'type' => 'module',
  'module' => 
  array (
    0 => 'admin',
    1 => 'index',
    2 => 'login',
  ),
)
[ info ] [ HEADER ] array (
  'cookie' => 'PHPSESSID=6pf81u8r3jpd0oncgcr29086c5; Hm_lvt_f8d0a8c400404989e195270b0bbf060a=1539227881,1540349337,1541410507; Hm_lpvt_f8d0a8c400404989e195270b0bbf060a=1541410507',
  'accept-language' => 'zh-CN,zh;q=0.9',
  'accept-encoding' => 'gzip, deflate, br',
  'referer' => 'http://127.0.0.4/',
  'accept' => 'text/html,application/xhtml+xml,application/xml;q=0.9,image/webp,image/apng,*/*;q=0.8',
  'user-agent' => 'Mozilla/5.0 (Windows NT 6.1; WOW64) AppleWebKit/537.36 (KHTML, like Gecko) Chrome/68.0.3440.84 Safari/537.36',
  'upgrade-insecure-requests' => '1',
  'connection' => 'close',
  'host' => '127.0.0.4',
)
[ info ] [ PARAM ] array (
)
[ info ] [ LANG ] C:\phpstudy\PHPTutorial\WWW\fastadmin\public/../application/admin\lang\zh-cn.php
[ info ] [ BEHAVIOR ] Run app\common\behavior\Common @module_init [ RunTime:0.005000s ]
[ info ] [ SESSION ] INIT array (
  'id' => '',
  'var_session_id' => '',
  'prefix' => 'think',
  'type' => '',
  'auto_start' => true,
)
[ info ] [ LANG ] C:\phpstudy\PHPTutorial\WWW\fastadmin\public/../application/admin/lang/zh-cn/index.php
[ info ] [ RUN ] app\admin\controller\Index->login[ C:\phpstudy\PHPTutorial\WWW\fastadmin\application\admin\controller\Index.php ]
[ info ] [ VIEW ] C:\phpstudy\PHPTutorial\WWW\fastadmin\public/../application/admin\view\index\login.html [ array (
  0 => 'breadcrumb',
  1 => 'site',
  2 => 'config',
  3 => 'auth',
  4 => 'admin',
  5 => 'background',
  6 => 'title',
) ]
[ info ] [ BEHAVIOR ] Run app\admin\behavior\AdminLog @app_end [ RunTime:0.002000s ]
[ info ] [ LOG ] INIT File
---------------------------------------------------------------
[ 2018-11-05T17:35:09+08:00 ] 127.0.0.1 GET /admin/ajax/lang?callback=define&controllername=index&v=1541410508
[ info ] 127.0.0.4/admin/ajax/lang?callback=define&controllername=index&v=1541410508 [运行时间：0.105006s][吞吐率：9.52req/s] [内存消耗：2,360.71kb] [文件加载：72]
[ info ] [ BEHAVIOR ] Run Closure @app_init [ RunTime:0.000000s ]
[ info ] [ CACHE ] INIT File
[ info ] [ BEHAVIOR ] Run \addons\epay\Epay @app_init [ RunTime:0.005000s ]
[ info ] [ BEHAVIOR ] Run Closure @app_init [ RunTime:0.005000s ]
[ info ] [ LANG ] C:\phpstudy\PHPTutorial\WWW\fastadmin\thinkphp\lang\zh-cn.php
[ info ] [ ROUTE ] array (
  'type' => 'module',
  'module' => 
  array (
    0 => 'admin',
    1 => 'ajax',
    2 => 'lang',
  ),
)
[ info ] [ HEADER ] array (
  'cookie' => 'PHPSESSID=6pf81u8r3jpd0oncgcr29086c5; Hm_lvt_f8d0a8c400404989e195270b0bbf060a=1539227881,1540349337,1541410507; Hm_lpvt_f8d0a8c400404989e195270b0bbf060a=1541410507',
  'accept-language' => 'zh-CN,zh;q=0.9',
  'accept-encoding' => 'gzip, deflate, br',
  'referer' => 'http://127.0.0.4/admin/index/login.html',
  'accept' => '*/*',
  'user-agent' => 'Mozilla/5.0 (Windows NT 6.1; WOW64) AppleWebKit/537.36 (KHTML, like Gecko) Chrome/68.0.3440.84 Safari/537.36',
  'connection' => 'close',
  'host' => '127.0.0.4',
)
[ info ] [ PARAM ] array (
  'callback' => 'define',
  'controllername' => 'index',
  'v' => '1541410508',
)
[ info ] [ LANG ] C:\phpstudy\PHPTutorial\WWW\fastadmin\public/../application/admin\lang\zh-cn.php
[ info ] [ BEHAVIOR ] Run app\common\behavior\Common @module_init [ RunTime:0.002001s ]
[ info ] [ SESSION ] INIT array (
  'id' => '',
  'var_session_id' => '',
  'prefix' => 'think',
  'type' => '',
  'auto_start' => true,
)
[ info ] [ LANG ] C:\phpstudy\PHPTutorial\WWW\fastadmin\public/../application/admin/lang/zh-cn/ajax.php
[ info ] [ RUN ] app\admin\controller\Ajax->lang[ C:\phpstudy\PHPTutorial\WWW\fastadmin\application\admin\controller\Ajax.php ]
[ info ] [ LANG ] C:\phpstudy\PHPTutorial\WWW\fastadmin\public/../application/admin/lang/zh-cn/index.php
[ info ] [ BEHAVIOR ] Run app\admin\behavior\AdminLog @app_end [ RunTime:0.001000s ]
[ info ] [ LOG ] INIT File
---------------------------------------------------------------
[ 2018-11-05T17:35:15+08:00 ] 127.0.0.1 POST /admin/index/login.html
[ info ] 127.0.0.4/admin/index/login.html [运行时间：0.486028s][吞吐率：2.06req/s] [内存消耗：3,054.80kb] [文件加载：81]
[ info ] [ BEHAVIOR ] Run Closure @app_init [ RunTime:0.000000s ]
[ info ] [ CACHE ] INIT File
[ info ] [ BEHAVIOR ] Run \addons\epay\Epay @app_init [ RunTime:0.008001s ]
[ info ] [ BEHAVIOR ] Run Closure @app_init [ RunTime:0.008001s ]
[ info ] [ LANG ] C:\phpstudy\PHPTutorial\WWW\fastadmin\thinkphp\lang\zh-cn.php
[ info ] [ ROUTE ] array (
  'type' => 'module',
  'module' => 
  array (
    0 => 'admin',
    1 => 'index',
    2 => 'login',
  ),
)
[ info ] [ HEADER ] array (
  'cookie' => 'PHPSESSID=6pf81u8r3jpd0oncgcr29086c5; Hm_lvt_f8d0a8c400404989e195270b0bbf060a=1539227881,1540349337,1541410507; Hm_lpvt_f8d0a8c400404989e195270b0bbf060a=1541410507',
  'accept-language' => 'zh-CN,zh;q=0.9',
  'accept-encoding' => 'gzip, deflate, br',
  'referer' => 'http://127.0.0.4/admin/index/login.html',
  'content-type' => 'application/x-www-form-urlencoded; charset=UTF-8',
  'user-agent' => 'Mozilla/5.0 (Windows NT 6.1; WOW64) AppleWebKit/537.36 (KHTML, like Gecko) Chrome/68.0.3440.84 Safari/537.36',
  'x-requested-with' => 'XMLHttpRequest',
  'origin' => 'http://127.0.0.4',
  'accept' => 'application/json, text/javascript, */*; q=0.01',
  'content-length' => '75',
  'connection' => 'close',
  'host' => '127.0.0.4',
)
[ info ] [ PARAM ] array (
  '__token__' => '6cdcd48ba9dd3cb9d613aeef388eff5a',
  'username' => 'admin',
  'password' => 'admin123',
)
[ info ] [ LANG ] C:\phpstudy\PHPTutorial\WWW\fastadmin\public/../application/admin\lang\zh-cn.php
[ info ] [ BEHAVIOR ] Run app\common\behavior\Common @module_init [ RunTime:0.003000s ]
[ info ] [ SESSION ] INIT array (
  'id' => '',
  'var_session_id' => '',
  'prefix' => 'think',
  'type' => '',
  'auto_start' => true,
)
[ info ] [ LANG ] C:\phpstudy\PHPTutorial\WWW\fastadmin\public/../application/admin/lang/zh-cn/index.php
[ info ] [ RUN ] app\admin\controller\Index->login[ C:\phpstudy\PHPTutorial\WWW\fastadmin\application\admin\controller\Index.php ]
[ info ] [ DB ] INIT mysql
[ info ] [ BEHAVIOR ] Run app\admin\behavior\AdminLog @app_end [ RunTime:0.137008s ]
[ info ] [ LOG ] INIT File
[ sql ] [ DB ] CONNECT:[ UseTime:0.001001s ] mysql:host=127.0.0.1;dbname=fastadmin;charset=utf8
[ sql ] [ SQL ] SHOW COLUMNS FROM `fa_admin` [ RunTime:0.064003s ]
[ sql ] [ SQL ] SELECT * FROM `fa_admin` WHERE  `username` = 'admin' LIMIT 1 [ RunTime:0.001000s ]
[ sql ] [ SQL ] UPDATE `fa_admin`  SET `logintime`=1541410515,`token`='73f4d756-c674-44ec-ad35-c7cfe3a72984',`updatetime`=1541410515  WHERE  `id` = 1 [ RunTime:0.054003s ]
[ sql ] [ SQL ] SHOW COLUMNS FROM `fa_admin_log` [ RunTime:0.042002s ]
[ sql ] [ SQL ] INSERT INTO `fa_admin_log` (`title` , `content` , `url` , `admin_id` , `username` , `useragent` , `ip` , `createtime`) VALUES ('登录' , '{\"__token__\":\"6cdcd48ba9dd3cb9d613aeef388eff5a\",\"username\":\"admin\"}' , '/admin/index/login.html' , 1 , 'admin' , 'Mozilla/5.0 (Windows NT 6.1; WOW64) AppleWebKit/537.36 (KHTML, like Gecko) Chrome/68.0.3440.84 Safari/537.36' , '127.0.0.1' , 1541410515) [ RunTime:0.094006s ]
---------------------------------------------------------------
[ 2018-11-05T17:35:16+08:00 ] 127.0.0.1 GET /admin/index/index
[ info ] 127.0.0.4/admin/index/index [运行时间：1.578091s][吞吐率：0.63req/s] [内存消耗：3,362.26kb] [文件加载：91]
[ info ] [ BEHAVIOR ] Run Closure @app_init [ RunTime:0.001001s ]
[ info ] [ CACHE ] INIT File
[ info ] [ BEHAVIOR ] Run \addons\epay\Epay @app_init [ RunTime:0.008001s ]
[ info ] [ BEHAVIOR ] Run Closure @app_init [ RunTime:0.008001s ]
[ info ] [ LANG ] C:\phpstudy\PHPTutorial\WWW\fastadmin\thinkphp\lang\zh-cn.php
[ info ] [ ROUTE ] array (
  'type' => 'module',
  'module' => 
  array (
    0 => 'admin',
    1 => 'index',
    2 => 'index',
  ),
)
[ info ] [ HEADER ] array (
  'cookie' => 'PHPSESSID=6pf81u8r3jpd0oncgcr29086c5; Hm_lvt_f8d0a8c400404989e195270b0bbf060a=1539227881,1540349337,1541410507; Hm_lpvt_f8d0a8c400404989e195270b0bbf060a=1541410507',
  'accept-language' => 'zh-CN,zh;q=0.9',
  'accept-encoding' => 'gzip, deflate, br',
  'referer' => 'http://127.0.0.4/admin/index/login.html',
  'accept' => 'text/html,application/xhtml+xml,application/xml;q=0.9,image/webp,image/apng,*/*;q=0.8',
  'user-agent' => 'Mozilla/5.0 (Windows NT 6.1; WOW64) AppleWebKit/537.36 (KHTML, like Gecko) Chrome/68.0.3440.84 Safari/537.36',
  'upgrade-insecure-requests' => '1',
  'connection' => 'close',
  'host' => '127.0.0.4',
)
[ info ] [ PARAM ] array (
)
[ info ] [ LANG ] C:\phpstudy\PHPTutorial\WWW\fastadmin\public/../application/admin\lang\zh-cn.php
[ info ] [ BEHAVIOR ] Run app\common\behavior\Common @module_init [ RunTime:0.004000s ]
[ info ] [ SESSION ] INIT array (
  'id' => '',
  'var_session_id' => '',
  'prefix' => 'think',
  'type' => '',
  'auto_start' => true,
)
[ info ] [ LANG ] C:\phpstudy\PHPTutorial\WWW\fastadmin\public/../application/admin/lang/zh-cn/index.php
[ info ] [ RUN ] app\admin\controller\Index->index[ C:\phpstudy\PHPTutorial\WWW\fastadmin\application\admin\controller\Index.php ]
[ info ] [ DB ] INIT mysql
[ info ] [ VIEW ] C:\phpstudy\PHPTutorial\WWW\fastadmin\public/../application/admin\view\index\index.html [ array (
  0 => 'breadcrumb',
  1 => 'site',
  2 => 'config',
  3 => 'auth',
  4 => 'admin',
  5 => 'menulist',
  6 => 'navlist',
  7 => 'fixedmenu',
  8 => 'referermenu',
  9 => 'title',
) ]
[ info ] [ BEHAVIOR ] Run app\admin\behavior\AdminLog @app_end [ RunTime:0.001001s ]
[ info ] [ LOG ] INIT File
[ sql ] [ DB ] CONNECT:[ UseTime:0.002000s ] mysql:host=127.0.0.1;dbname=fastadmin;charset=utf8
[ sql ] [ SQL ] SHOW COLUMNS FROM `fa_auth_group_access` [ RunTime:0.030002s ]
[ sql ] [ SQL ] SELECT `aga`.`uid`,`aga`.`group_id`,`ag`.`id`,`ag`.`pid`,`ag`.`name`,`ag`.`rules` FROM `fa_auth_group_access` `aga` LEFT JOIN `fa_auth_group` `ag` ON `aga`.`group_id`=`ag`.`id` WHERE  (  aga.uid='1' and ag.status='normal' ) [ RunTime:0.012001s ]
[ sql ] [ SQL ] SHOW COLUMNS FROM `fa_auth_rule` [ RunTime:0.012000s ]
[ sql ] [ SQL ] SELECT `id`,`pid`,`condition`,`icon`,`name`,`title`,`ismenu` FROM `fa_auth_rule` WHERE  `status` = 'normal' [ RunTime:0.001000s ]
---------------------------------------------------------------
[ 2018-11-05T17:35:17+08:00 ] 127.0.0.1 GET /admin/dashboard?addtabs=1
[ info ] 127.0.0.4/admin/dashboard?addtabs=1 [运行时间：0.225013s][吞吐率：4.44req/s] [内存消耗：3,154.60kb] [文件加载：81]
[ info ] [ BEHAVIOR ] Run Closure @app_init [ RunTime:0.000000s ]
[ info ] [ CACHE ] INIT File
[ info ] [ BEHAVIOR ] Run \addons\epay\Epay @app_init [ RunTime:0.006000s ]
[ info ] [ BEHAVIOR ] Run Closure @app_init [ RunTime:0.006000s ]
[ info ] [ LANG ] C:\phpstudy\PHPTutorial\WWW\fastadmin\thinkphp\lang\zh-cn.php
[ info ] [ ROUTE ] array (
  'type' => 'module',
  'module' => 
  array (
    0 => 'admin',
    1 => 'dashboard',
    2 => NULL,
  ),
)
[ info ] [ HEADER ] array (
  'cookie' => 'PHPSESSID=6pf81u8r3jpd0oncgcr29086c5; Hm_lvt_f8d0a8c400404989e195270b0bbf060a=1539227881,1540349337,1541410507; Hm_lpvt_f8d0a8c400404989e195270b0bbf060a=1541410507',
  'accept-language' => 'zh-CN,zh;q=0.9',
  'accept-encoding' => 'gzip, deflate, br',
  'referer' => 'http://127.0.0.4/admin/index/index',
  'accept' => 'text/html,application/xhtml+xml,application/xml;q=0.9,image/webp,image/apng,*/*;q=0.8',
  'user-agent' => 'Mozilla/5.0 (Windows NT 6.1; WOW64) AppleWebKit/537.36 (KHTML, like Gecko) Chrome/68.0.3440.84 Safari/537.36',
  'upgrade-insecure-requests' => '1',
  'connection' => 'close',
  'host' => '127.0.0.4',
)
[ info ] [ PARAM ] array (
  'addtabs' => '1',
)
[ info ] [ LANG ] C:\phpstudy\PHPTutorial\WWW\fastadmin\public/../application/admin\lang\zh-cn.php
[ info ] [ BEHAVIOR ] Run app\common\behavior\Common @module_init [ RunTime:0.004000s ]
[ info ] [ SESSION ] INIT array (
  'id' => '',
  'var_session_id' => '',
  'prefix' => 'think',
  'type' => '',
  'auto_start' => true,
)
[ info ] [ DB ] INIT mysql
[ info ] [ LANG ] C:\phpstudy\PHPTutorial\WWW\fastadmin\public/../application/admin/lang/zh-cn/dashboard.php
[ info ] [ RUN ] app\admin\controller\Dashboard->index[ C:\phpstudy\PHPTutorial\WWW\fastadmin\application\admin\controller\Dashboard.php ]
[ info ] [ VIEW ] C:\phpstudy\PHPTutorial\WWW\fastadmin\public/../application/admin\view\dashboard\index.html [ array (
  0 => 'breadcrumb',
  1 => 'site',
  2 => 'config',
  3 => 'auth',
  4 => 'admin',
  5 => 'totaluser',
  6 => 'totalviews',
  7 => 'totalorder',
  8 => 'totalorderamount',
  9 => 'todayuserlogin',
  10 => 'todayusersignup',
  11 => 'todayorder',
  12 => 'unsettleorder',
  13 => 'sevendnu',
  14 => 'sevendau',
  15 => 'paylist',
  16 => 'createlist',
  17 => 'addonversion',
  18 => 'uploadmode',
) ]
[ info ] [ BEHAVIOR ] Run app\admin\behavior\AdminLog @app_end [ RunTime:0.001000s ]
[ info ] [ LOG ] INIT File
[ sql ] [ DB ] CONNECT:[ UseTime:0.001000s ] mysql:host=127.0.0.1;dbname=fastadmin;charset=utf8
[ sql ] [ SQL ] SHOW COLUMNS FROM `fa_auth_group_access` [ RunTime:0.013001s ]
[ sql ] [ SQL ] SELECT `aga`.`uid`,`aga`.`group_id`,`ag`.`id`,`ag`.`pid`,`ag`.`name`,`ag`.`rules` FROM `fa_auth_group_access` `aga` LEFT JOIN `fa_auth_group` `ag` ON `aga`.`group_id`=`ag`.`id` WHERE  (  aga.uid='1' and ag.status='normal' ) [ RunTime:0.000000s ]
[ sql ] [ SQL ] SHOW COLUMNS FROM `fa_auth_rule` [ RunTime:0.016001s ]
[ sql ] [ SQL ] SELECT `id`,`pid`,`condition`,`icon`,`name`,`title`,`ismenu` FROM `fa_auth_rule` WHERE  `status` = 'normal' [ RunTime:0.002000s ]
[ sql ] [ SQL ] SELECT `title`,`remark` FROM `fa_auth_rule` WHERE  `name` = 'dashboard' LIMIT 1 [ RunTime:0.001000s ]
---------------------------------------------------------------
[ 2018-11-05T17:35:17+08:00 ] 127.0.0.1 GET /admin/ajax/lang?callback=define&controllername=index&v=1541410515
[ info ] 127.0.0.4/admin/ajax/lang?callback=define&controllername=index&v=1541410515 [运行时间：0.084005s][吞吐率：11.90req/s] [内存消耗：2,360.70kb] [文件加载：72]
[ info ] [ BEHAVIOR ] Run Closure @app_init [ RunTime:0.000000s ]
[ info ] [ CACHE ] INIT File
[ info ] [ BEHAVIOR ] Run \addons\epay\Epay @app_init [ RunTime:0.007000s ]
[ info ] [ BEHAVIOR ] Run Closure @app_init [ RunTime:0.007000s ]
[ info ] [ LANG ] C:\phpstudy\PHPTutorial\WWW\fastadmin\thinkphp\lang\zh-cn.php
[ info ] [ ROUTE ] array (
  'type' => 'module',
  'module' => 
  array (
    0 => 'admin',
    1 => 'ajax',
    2 => 'lang',
  ),
)
[ info ] [ HEADER ] array (
  'cookie' => 'PHPSESSID=6pf81u8r3jpd0oncgcr29086c5; Hm_lvt_f8d0a8c400404989e195270b0bbf060a=1539227881,1540349337,1541410507; Hm_lpvt_f8d0a8c400404989e195270b0bbf060a=1541410507',
  'accept-language' => 'zh-CN,zh;q=0.9',
  'accept-encoding' => 'gzip, deflate, br',
  'referer' => 'http://127.0.0.4/admin/index/index',
  'accept' => '*/*',
  'user-agent' => 'Mozilla/5.0 (Windows NT 6.1; WOW64) AppleWebKit/537.36 (KHTML, like Gecko) Chrome/68.0.3440.84 Safari/537.36',
  'connection' => 'close',
  'host' => '127.0.0.4',
)
[ info ] [ PARAM ] array (
  'callback' => 'define',
  'controllername' => 'index',
  'v' => '1541410515',
)
[ info ] [ LANG ] C:\phpstudy\PHPTutorial\WWW\fastadmin\public/../application/admin\lang\zh-cn.php
[ info ] [ BEHAVIOR ] Run app\common\behavior\Common @module_init [ RunTime:0.003001s ]
[ info ] [ SESSION ] INIT array (
  'id' => '',
  'var_session_id' => '',
  'prefix' => 'think',
  'type' => '',
  'auto_start' => true,
)
[ info ] [ LANG ] C:\phpstudy\PHPTutorial\WWW\fastadmin\public/../application/admin/lang/zh-cn/ajax.php
[ info ] [ RUN ] app\admin\controller\Ajax->lang[ C:\phpstudy\PHPTutorial\WWW\fastadmin\application\admin\controller\Ajax.php ]
[ info ] [ LANG ] C:\phpstudy\PHPTutorial\WWW\fastadmin\public/../application/admin/lang/zh-cn/index.php
[ info ] [ BEHAVIOR ] Run app\admin\behavior\AdminLog @app_end [ RunTime:0.001000s ]
[ info ] [ LOG ] INIT File
---------------------------------------------------------------
[ 2018-11-05T17:35:17+08:00 ] 127.0.0.1 GET /admin/ajax/lang?callback=define&controllername=dashboard&v=1541410517
[ info ] 127.0.0.4/admin/ajax/lang?callback=define&controllername=dashboard&v=1541410517 [运行时间：0.082005s][吞吐率：12.19req/s] [内存消耗：2,359.12kb] [文件加载：72]
[ info ] [ BEHAVIOR ] Run Closure @app_init [ RunTime:0.000000s ]
[ info ] [ CACHE ] INIT File
[ info ] [ BEHAVIOR ] Run \addons\epay\Epay @app_init [ RunTime:0.006001s ]
[ info ] [ BEHAVIOR ] Run Closure @app_init [ RunTime:0.006001s ]
[ info ] [ LANG ] C:\phpstudy\PHPTutorial\WWW\fastadmin\thinkphp\lang\zh-cn.php
[ info ] [ ROUTE ] array (
  'type' => 'module',
  'module' => 
  array (
    0 => 'admin',
    1 => 'ajax',
    2 => 'lang',
  ),
)
[ info ] [ HEADER ] array (
  'cookie' => 'PHPSESSID=6pf81u8r3jpd0oncgcr29086c5; Hm_lvt_f8d0a8c400404989e195270b0bbf060a=1539227881,1540349337,1541410507; Hm_lpvt_f8d0a8c400404989e195270b0bbf060a=1541410507',
  'accept-language' => 'zh-CN,zh;q=0.9',
  'accept-encoding' => 'gzip, deflate, br',
  'referer' => 'http://127.0.0.4/admin/dashboard?addtabs=1',
  'accept' => '*/*',
  'user-agent' => 'Mozilla/5.0 (Windows NT 6.1; WOW64) AppleWebKit/537.36 (KHTML, like Gecko) Chrome/68.0.3440.84 Safari/537.36',
  'connection' => 'close',
  'host' => '127.0.0.4',
)
[ info ] [ PARAM ] array (
  'callback' => 'define',
  'controllername' => 'dashboard',
  'v' => '1541410517',
)
[ info ] [ LANG ] C:\phpstudy\PHPTutorial\WWW\fastadmin\public/../application/admin\lang\zh-cn.php
[ info ] [ BEHAVIOR ] Run app\common\behavior\Common @module_init [ RunTime:0.002000s ]
[ info ] [ SESSION ] INIT array (
  'id' => '',
  'var_session_id' => '',
  'prefix' => 'think',
  'type' => '',
  'auto_start' => true,
)
[ info ] [ LANG ] C:\phpstudy\PHPTutorial\WWW\fastadmin\public/../application/admin/lang/zh-cn/ajax.php
[ info ] [ RUN ] app\admin\controller\Ajax->lang[ C:\phpstudy\PHPTutorial\WWW\fastadmin\application\admin\controller\Ajax.php ]
[ info ] [ LANG ] C:\phpstudy\PHPTutorial\WWW\fastadmin\public/../application/admin/lang/zh-cn/dashboard.php
[ info ] [ BEHAVIOR ] Run app\admin\behavior\AdminLog @app_end [ RunTime:0.001000s ]
[ info ] [ LOG ] INIT File
---------------------------------------------------------------
[ 2018-11-05T17:35:19+08:00 ] 127.0.0.1 GET /admin/category?addtabs=1
[ info ] 127.0.0.4/admin/category?addtabs=1 [运行时间：0.261015s][吞吐率：3.83req/s] [内存消耗：3,355.65kb] [文件加载：84]
[ info ] [ BEHAVIOR ] Run Closure @app_init [ RunTime:0.000000s ]
[ info ] [ CACHE ] INIT File
[ info ] [ BEHAVIOR ] Run \addons\epay\Epay @app_init [ RunTime:0.009000s ]
[ info ] [ BEHAVIOR ] Run Closure @app_init [ RunTime:0.009000s ]
[ info ] [ LANG ] C:\phpstudy\PHPTutorial\WWW\fastadmin\thinkphp\lang\zh-cn.php
[ info ] [ ROUTE ] array (
  'type' => 'module',
  'module' => 
  array (
    0 => 'admin',
    1 => 'category',
    2 => NULL,
  ),
)
[ info ] [ HEADER ] array (
  'cookie' => 'PHPSESSID=6pf81u8r3jpd0oncgcr29086c5; Hm_lvt_f8d0a8c400404989e195270b0bbf060a=1539227881,1540349337,1541410507; Hm_lpvt_f8d0a8c400404989e195270b0bbf060a=1541410507',
  'accept-language' => 'zh-CN,zh;q=0.9',
  'accept-encoding' => 'gzip, deflate, br',
  'referer' => 'http://127.0.0.4/admin/category?ref=addtabs',
  'accept' => 'text/html,application/xhtml+xml,application/xml;q=0.9,image/webp,image/apng,*/*;q=0.8',
  'user-agent' => 'Mozilla/5.0 (Windows NT 6.1; WOW64) AppleWebKit/537.36 (KHTML, like Gecko) Chrome/68.0.3440.84 Safari/537.36',
  'upgrade-insecure-requests' => '1',
  'connection' => 'close',
  'host' => '127.0.0.4',
)
[ info ] [ PARAM ] array (
  'addtabs' => '1',
)
[ info ] [ LANG ] C:\phpstudy\PHPTutorial\WWW\fastadmin\public/../application/admin\lang\zh-cn.php
[ info ] [ BEHAVIOR ] Run app\common\behavior\Common @module_init [ RunTime:0.003000s ]
[ info ] [ SESSION ] INIT array (
  'id' => '',
  'var_session_id' => '',
  'prefix' => 'think',
  'type' => '',
  'auto_start' => true,
)
[ info ] [ DB ] INIT mysql
[ info ] [ LANG ] C:\phpstudy\PHPTutorial\WWW\fastadmin\public/../application/admin/lang/zh-cn/category.php
[ info ] [ RUN ] app\admin\controller\Category->index[ C:\phpstudy\PHPTutorial\WWW\fastadmin\application\admin\controller\Category.php ]
[ info ] [ VIEW ] C:\phpstudy\PHPTutorial\WWW\fastadmin\public/../application/admin\view\category\index.html [ array (
  0 => 'breadcrumb',
  1 => 'site',
  2 => 'config',
  3 => 'auth',
  4 => 'admin',
  5 => 'flagList',
  6 => 'typeList',
  7 => 'parentList',
) ]
[ info ] [ BEHAVIOR ] Run app\admin\behavior\AdminLog @app_end [ RunTime:0.000000s ]
[ info ] [ LOG ] INIT File
[ sql ] [ DB ] CONNECT:[ UseTime:0.001000s ] mysql:host=127.0.0.1;dbname=fastadmin;charset=utf8
[ sql ] [ SQL ] SHOW COLUMNS FROM `fa_auth_group_access` [ RunTime:0.045003s ]
[ sql ] [ SQL ] SELECT `aga`.`uid`,`aga`.`group_id`,`ag`.`id`,`ag`.`pid`,`ag`.`name`,`ag`.`rules` FROM `fa_auth_group_access` `aga` LEFT JOIN `fa_auth_group` `ag` ON `aga`.`group_id`=`ag`.`id` WHERE  (  aga.uid='1' and ag.status='normal' ) [ RunTime:0.001000s ]
[ sql ] [ SQL ] SHOW COLUMNS FROM `fa_auth_rule` [ RunTime:0.010000s ]
[ sql ] [ SQL ] SELECT `id`,`pid`,`condition`,`icon`,`name`,`title`,`ismenu` FROM `fa_auth_rule` WHERE  `status` = 'normal' [ RunTime:0.001000s ]
[ sql ] [ SQL ] SHOW COLUMNS FROM `fa_category` [ RunTime:0.041002s ]
[ sql ] [ SQL ] SELECT * FROM `fa_category` ORDER BY `weigh` DESC,`id` DESC [ RunTime:0.000000s ]
[ sql ] [ SQL ] SELECT `title`,`remark` FROM `fa_auth_rule` WHERE  `name` = 'category' LIMIT 1 [ RunTime:0.001000s ]
---------------------------------------------------------------
[ 2018-11-05T17:35:20+08:00 ] 127.0.0.1 GET /admin/ajax/lang?callback=define&controllername=category&v=1541410519
[ info ] 127.0.0.4/admin/ajax/lang?callback=define&controllername=category&v=1541410519 [运行时间：0.071004s][吞吐率：14.08req/s] [内存消耗：2,356.22kb] [文件加载：72]
[ info ] [ BEHAVIOR ] Run Closure @app_init [ RunTime:0.000000s ]
[ info ] [ CACHE ] INIT File
[ info ] [ BEHAVIOR ] Run \addons\epay\Epay @app_init [ RunTime:0.007000s ]
[ info ] [ BEHAVIOR ] Run Closure @app_init [ RunTime:0.007000s ]
[ info ] [ LANG ] C:\phpstudy\PHPTutorial\WWW\fastadmin\thinkphp\lang\zh-cn.php
[ info ] [ ROUTE ] array (
  'type' => 'module',
  'module' => 
  array (
    0 => 'admin',
    1 => 'ajax',
    2 => 'lang',
  ),
)
[ info ] [ HEADER ] array (
  'cookie' => 'PHPSESSID=6pf81u8r3jpd0oncgcr29086c5; Hm_lvt_f8d0a8c400404989e195270b0bbf060a=1539227881,1540349337,1541410507; Hm_lpvt_f8d0a8c400404989e195270b0bbf060a=1541410507',
  'accept-language' => 'zh-CN,zh;q=0.9',
  'accept-encoding' => 'gzip, deflate, br',
  'referer' => 'http://127.0.0.4/admin/category?addtabs=1',
  'accept' => '*/*',
  'user-agent' => 'Mozilla/5.0 (Windows NT 6.1; WOW64) AppleWebKit/537.36 (KHTML, like Gecko) Chrome/68.0.3440.84 Safari/537.36',
  'connection' => 'close',
  'host' => '127.0.0.4',
)
[ info ] [ PARAM ] array (
  'callback' => 'define',
  'controllername' => 'category',
  'v' => '1541410519',
)
[ info ] [ LANG ] C:\phpstudy\PHPTutorial\WWW\fastadmin\public/../application/admin\lang\zh-cn.php
[ info ] [ BEHAVIOR ] Run app\common\behavior\Common @module_init [ RunTime:0.003000s ]
[ info ] [ SESSION ] INIT array (
  'id' => '',
  'var_session_id' => '',
  'prefix' => 'think',
  'type' => '',
  'auto_start' => true,
)
[ info ] [ LANG ] C:\phpstudy\PHPTutorial\WWW\fastadmin\public/../application/admin/lang/zh-cn/ajax.php
[ info ] [ RUN ] app\admin\controller\Ajax->lang[ C:\phpstudy\PHPTutorial\WWW\fastadmin\application\admin\controller\Ajax.php ]
[ info ] [ LANG ] C:\phpstudy\PHPTutorial\WWW\fastadmin\public/../application/admin/lang/zh-cn/category.php
[ info ] [ BEHAVIOR ] Run app\admin\behavior\AdminLog @app_end [ RunTime:0.001000s ]
[ info ] [ LOG ] INIT File
---------------------------------------------------------------
[ 2018-11-05T17:35:20+08:00 ] 127.0.0.1 GET /admin/category/index?sort=weigh&order=desc&_=1541410520035
[ info ] 127.0.0.4/admin/category/index?sort=weigh&order=desc&_=1541410520035 [运行时间：0.146009s][吞吐率：6.85req/s] [内存消耗：3,246.84kb] [文件加载：82]
[ info ] [ BEHAVIOR ] Run Closure @app_init [ RunTime:0.000000s ]
[ info ] [ CACHE ] INIT File
[ info ] [ BEHAVIOR ] Run \addons\epay\Epay @app_init [ RunTime:0.006001s ]
[ info ] [ BEHAVIOR ] Run Closure @app_init [ RunTime:0.006001s ]
[ info ] [ LANG ] C:\phpstudy\PHPTutorial\WWW\fastadmin\thinkphp\lang\zh-cn.php
[ info ] [ ROUTE ] array (
  'type' => 'module',
  'module' => 
  array (
    0 => 'admin',
    1 => 'category',
    2 => 'index',
  ),
)
[ info ] [ HEADER ] array (
  'cookie' => 'PHPSESSID=6pf81u8r3jpd0oncgcr29086c5; Hm_lvt_f8d0a8c400404989e195270b0bbf060a=1539227881,1540349337,1541410507; Hm_lpvt_f8d0a8c400404989e195270b0bbf060a=1541410507',
  'accept-language' => 'zh-CN,zh;q=0.9',
  'accept-encoding' => 'gzip, deflate, br',
  'referer' => 'http://127.0.0.4/admin/category?addtabs=1',
  'content-type' => 'application/json',
  'user-agent' => 'Mozilla/5.0 (Windows NT 6.1; WOW64) AppleWebKit/537.36 (KHTML, like Gecko) Chrome/68.0.3440.84 Safari/537.36',
  'x-requested-with' => 'XMLHttpRequest',
  'accept' => 'application/json, text/javascript, */*; q=0.01',
  'connection' => 'close',
  'host' => '127.0.0.4',
)
[ info ] [ PARAM ] array (
  'sort' => 'weigh',
  'order' => 'desc',
  '_' => '1541410520035',
)
[ info ] [ LANG ] C:\phpstudy\PHPTutorial\WWW\fastadmin\public/../application/admin\lang\zh-cn.php
[ info ] [ BEHAVIOR ] Run app\common\behavior\Common @module_init [ RunTime:0.004000s ]
[ info ] [ SESSION ] INIT array (
  'id' => '',
  'var_session_id' => '',
  'prefix' => 'think',
  'type' => '',
  'auto_start' => true,
)
[ info ] [ DB ] INIT mysql
[ info ] [ LANG ] C:\phpstudy\PHPTutorial\WWW\fastadmin\public/../application/admin/lang/zh-cn/category.php
[ info ] [ RUN ] app\admin\controller\Category->index[ C:\phpstudy\PHPTutorial\WWW\fastadmin\application\admin\controller\Category.php ]
[ info ] [ BEHAVIOR ] Run app\admin\behavior\AdminLog @app_end [ RunTime:0.001000s ]
[ info ] [ LOG ] INIT File
[ sql ] [ DB ] CONNECT:[ UseTime:0.001000s ] mysql:host=127.0.0.1;dbname=fastadmin;charset=utf8
[ sql ] [ SQL ] SHOW COLUMNS FROM `fa_auth_group_access` [ RunTime:0.012001s ]
[ sql ] [ SQL ] SELECT `aga`.`uid`,`aga`.`group_id`,`ag`.`id`,`ag`.`pid`,`ag`.`name`,`ag`.`rules` FROM `fa_auth_group_access` `aga` LEFT JOIN `fa_auth_group` `ag` ON `aga`.`group_id`=`ag`.`id` WHERE  (  aga.uid='1' and ag.status='normal' ) [ RunTime:0.001000s ]
[ sql ] [ SQL ] SHOW COLUMNS FROM `fa_auth_rule` [ RunTime:0.011000s ]
[ sql ] [ SQL ] SELECT `id`,`pid`,`condition`,`icon`,`name`,`title`,`ismenu` FROM `fa_auth_rule` WHERE  `status` = 'normal' [ RunTime:0.002001s ]
[ sql ] [ SQL ] SHOW COLUMNS FROM `fa_category` [ RunTime:0.011001s ]
[ sql ] [ SQL ] SELECT * FROM `fa_category` ORDER BY `weigh` DESC,`id` DESC [ RunTime:0.001000s ]
---------------------------------------------------------------
[ 2018-11-05T17:35:22+08:00 ] 127.0.0.1 GET /admin/user/user?addtabs=1
[ info ] 127.0.0.4/admin/user/user?addtabs=1 [运行时间：0.205012s][吞吐率：4.88req/s] [内存消耗：3,165.36kb] [文件加载：80]
[ info ] [ BEHAVIOR ] Run Closure @app_init [ RunTime:0.000000s ]
[ info ] [ CACHE ] INIT File
[ info ] [ BEHAVIOR ] Run \addons\epay\Epay @app_init [ RunTime:0.007000s ]
[ info ] [ BEHAVIOR ] Run Closure @app_init [ RunTime:0.007000s ]
[ info ] [ LANG ] C:\phpstudy\PHPTutorial\WWW\fastadmin\thinkphp\lang\zh-cn.php
[ info ] [ ROUTE ] array (
  'type' => 'module',
  'module' => 
  array (
    0 => 'admin',
    1 => 'user.user',
    2 => NULL,
  ),
)
[ info ] [ HEADER ] array (
  'cookie' => 'PHPSESSID=6pf81u8r3jpd0oncgcr29086c5; Hm_lvt_f8d0a8c400404989e195270b0bbf060a=1539227881,1540349337,1541410507; Hm_lpvt_f8d0a8c400404989e195270b0bbf060a=1541410507',
  'accept-language' => 'zh-CN,zh;q=0.9',
  'accept-encoding' => 'gzip, deflate, br',
  'referer' => 'http://127.0.0.4/admin/user/user?ref=addtabs',
  'accept' => 'text/html,application/xhtml+xml,application/xml;q=0.9,image/webp,image/apng,*/*;q=0.8',
  'user-agent' => 'Mozilla/5.0 (Windows NT 6.1; WOW64) AppleWebKit/537.36 (KHTML, like Gecko) Chrome/68.0.3440.84 Safari/537.36',
  'upgrade-insecure-requests' => '1',
  'connection' => 'close',
  'host' => '127.0.0.4',
)
[ info ] [ PARAM ] array (
  'addtabs' => '1',
)
[ info ] [ LANG ] C:\phpstudy\PHPTutorial\WWW\fastadmin\public/../application/admin\lang\zh-cn.php
[ info ] [ BEHAVIOR ] Run app\common\behavior\Common @module_init [ RunTime:0.003001s ]
[ info ] [ SESSION ] INIT array (
  'id' => '',
  'var_session_id' => '',
  'prefix' => 'think',
  'type' => '',
  'auto_start' => true,
)
[ info ] [ DB ] INIT mysql
[ info ] [ LANG ] C:\phpstudy\PHPTutorial\WWW\fastadmin\public/../application/admin/lang/zh-cn/user/user.php
[ info ] [ RUN ] app\admin\controller\user\User->index[ C:\phpstudy\PHPTutorial\WWW\fastadmin\application\admin\controller\user\User.php ]
[ info ] [ VIEW ] C:\phpstudy\PHPTutorial\WWW\fastadmin\public/../application/admin\view\user\user\index.html [ array (
  0 => 'breadcrumb',
  1 => 'site',
  2 => 'config',
  3 => 'auth',
  4 => 'admin',
) ]
[ info ] [ BEHAVIOR ] Run app\admin\behavior\AdminLog @app_end [ RunTime:0.000000s ]
[ info ] [ LOG ] INIT File
[ sql ] [ DB ] CONNECT:[ UseTime:0.003000s ] mysql:host=127.0.0.1;dbname=fastadmin;charset=utf8
[ sql ] [ SQL ] SHOW COLUMNS FROM `fa_auth_group_access` [ RunTime:0.025002s ]
[ sql ] [ SQL ] SELECT `aga`.`uid`,`aga`.`group_id`,`ag`.`id`,`ag`.`pid`,`ag`.`name`,`ag`.`rules` FROM `fa_auth_group_access` `aga` LEFT JOIN `fa_auth_group` `ag` ON `aga`.`group_id`=`ag`.`id` WHERE  (  aga.uid='1' and ag.status='normal' ) [ RunTime:0.001000s ]
[ sql ] [ SQL ] SHOW COLUMNS FROM `fa_auth_rule` [ RunTime:0.009000s ]
[ sql ] [ SQL ] SELECT `id`,`pid`,`condition`,`icon`,`name`,`title`,`ismenu` FROM `fa_auth_rule` WHERE  `status` = 'normal' [ RunTime:0.001000s ]
[ sql ] [ SQL ] SELECT `title`,`remark` FROM `fa_auth_rule` WHERE  `name` = 'user/user' LIMIT 1 [ RunTime:0.001000s ]
---------------------------------------------------------------
[ 2018-11-05T17:35:22+08:00 ] 127.0.0.1 GET /admin/ajax/lang?callback=define&controllername=user.user&v=1541410522
[ info ] 127.0.0.4/admin/ajax/lang?callback=define&controllername=user.user&v=1541410522 [运行时间：0.059003s][吞吐率：16.95req/s] [内存消耗：2,357.77kb] [文件加载：72]
[ info ] [ BEHAVIOR ] Run Closure @app_init [ RunTime:0.000000s ]
[ info ] [ CACHE ] INIT File
[ info ] [ BEHAVIOR ] Run \addons\epay\Epay @app_init [ RunTime:0.005001s ]
[ info ] [ BEHAVIOR ] Run Closure @app_init [ RunTime:0.005001s ]
[ info ] [ LANG ] C:\phpstudy\PHPTutorial\WWW\fastadmin\thinkphp\lang\zh-cn.php
[ info ] [ ROUTE ] array (
  'type' => 'module',
  'module' => 
  array (
    0 => 'admin',
    1 => 'ajax',
    2 => 'lang',
  ),
)
[ info ] [ HEADER ] array (
  'cookie' => 'PHPSESSID=6pf81u8r3jpd0oncgcr29086c5; Hm_lvt_f8d0a8c400404989e195270b0bbf060a=1539227881,1540349337,1541410507; Hm_lpvt_f8d0a8c400404989e195270b0bbf060a=1541410507',
  'accept-language' => 'zh-CN,zh;q=0.9',
  'accept-encoding' => 'gzip, deflate, br',
  'referer' => 'http://127.0.0.4/admin/user/user?addtabs=1',
  'accept' => '*/*',
  'user-agent' => 'Mozilla/5.0 (Windows NT 6.1; WOW64) AppleWebKit/537.36 (KHTML, like Gecko) Chrome/68.0.3440.84 Safari/537.36',
  'connection' => 'close',
  'host' => '127.0.0.4',
)
[ info ] [ PARAM ] array (
  'callback' => 'define',
  'controllername' => 'user.user',
  'v' => '1541410522',
)
[ info ] [ LANG ] C:\phpstudy\PHPTutorial\WWW\fastadmin\public/../application/admin\lang\zh-cn.php
[ info ] [ BEHAVIOR ] Run app\common\behavior\Common @module_init [ RunTime:0.002000s ]
[ info ] [ SESSION ] INIT array (
  'id' => '',
  'var_session_id' => '',
  'prefix' => 'think',
  'type' => '',
  'auto_start' => true,
)
[ info ] [ LANG ] C:\phpstudy\PHPTutorial\WWW\fastadmin\public/../application/admin/lang/zh-cn/ajax.php
[ info ] [ RUN ] app\admin\controller\Ajax->lang[ C:\phpstudy\PHPTutorial\WWW\fastadmin\application\admin\controller\Ajax.php ]
[ info ] [ LANG ] C:\phpstudy\PHPTutorial\WWW\fastadmin\public/../application/admin/lang/zh-cn/user/user.php
[ info ] [ BEHAVIOR ] Run app\admin\behavior\AdminLog @app_end [ RunTime:0.000000s ]
[ info ] [ LOG ] INIT File
---------------------------------------------------------------
[ 2018-11-05T17:35:23+08:00 ] 127.0.0.1 GET /admin/user/user/index?sort=id&order=desc&offset=0&limit=10&filter=%7B%7D&op=%7B%7D&_=1541410522829
[ info ] 127.0.0.4/admin/user/user/index?sort=id&order=desc&offset=0&limit=10&filter=%7B%7D&op=%7B%7D&_=1541410522829 [运行时间：0.185010s][吞吐率：5.41req/s] [内存消耗：3,285.73kb] [文件加载：83]
[ info ] [ BEHAVIOR ] Run Closure @app_init [ RunTime:0.000000s ]
[ info ] [ CACHE ] INIT File
[ info ] [ BEHAVIOR ] Run \addons\epay\Epay @app_init [ RunTime:0.004000s ]
[ info ] [ BEHAVIOR ] Run Closure @app_init [ RunTime:0.004000s ]
[ info ] [ LANG ] C:\phpstudy\PHPTutorial\WWW\fastadmin\thinkphp\lang\zh-cn.php
[ info ] [ ROUTE ] array (
  'type' => 'module',
  'module' => 
  array (
    0 => 'admin',
    1 => 'user.user',
    2 => 'index',
  ),
)
[ info ] [ HEADER ] array (
  'cookie' => 'PHPSESSID=6pf81u8r3jpd0oncgcr29086c5; Hm_lvt_f8d0a8c400404989e195270b0bbf060a=1539227881,1540349337,1541410507; Hm_lpvt_f8d0a8c400404989e195270b0bbf060a=1541410507',
  'accept-language' => 'zh-CN,zh;q=0.9',
  'accept-encoding' => 'gzip, deflate, br',
  'referer' => 'http://127.0.0.4/admin/user/user?addtabs=1',
  'content-type' => 'application/json',
  'user-agent' => 'Mozilla/5.0 (Windows NT 6.1; WOW64) AppleWebKit/537.36 (KHTML, like Gecko) Chrome/68.0.3440.84 Safari/537.36',
  'x-requested-with' => 'XMLHttpRequest',
  'accept' => 'application/json, text/javascript, */*; q=0.01',
  'connection' => 'close',
  'host' => '127.0.0.4',
)
[ info ] [ PARAM ] array (
  'sort' => 'id',
  'order' => 'desc',
  'offset' => '0',
  'limit' => '10',
  'filter' => '{}',
  'op' => '{}',
  '_' => '1541410522829',
)
[ info ] [ LANG ] C:\phpstudy\PHPTutorial\WWW\fastadmin\public/../application/admin\lang\zh-cn.php
[ info ] [ BEHAVIOR ] Run app\common\behavior\Common @module_init [ RunTime:0.002000s ]
[ info ] [ SESSION ] INIT array (
  'id' => '',
  'var_session_id' => '',
  'prefix' => 'think',
  'type' => '',
  'auto_start' => true,
)
[ info ] [ DB ] INIT mysql
[ info ] [ LANG ] C:\phpstudy\PHPTutorial\WWW\fastadmin\public/../application/admin/lang/zh-cn/user/user.php
[ info ] [ RUN ] app\admin\controller\user\User->index[ C:\phpstudy\PHPTutorial\WWW\fastadmin\application\admin\controller\user\User.php ]
[ info ] [ BEHAVIOR ] Run app\admin\behavior\AdminLog @app_end [ RunTime:0.001000s ]
[ info ] [ LOG ] INIT File
[ sql ] [ DB ] CONNECT:[ UseTime:0.001000s ] mysql:host=127.0.0.1;dbname=fastadmin;charset=utf8
[ sql ] [ SQL ] SHOW COLUMNS FROM `fa_auth_group_access` [ RunTime:0.011001s ]
[ sql ] [ SQL ] SELECT `aga`.`uid`,`aga`.`group_id`,`ag`.`id`,`ag`.`pid`,`ag`.`name`,`ag`.`rules` FROM `fa_auth_group_access` `aga` LEFT JOIN `fa_auth_group` `ag` ON `aga`.`group_id`=`ag`.`id` WHERE  (  aga.uid='1' and ag.status='normal' ) [ RunTime:0.001000s ]
[ sql ] [ SQL ] SHOW COLUMNS FROM `fa_auth_rule` [ RunTime:0.009000s ]
[ sql ] [ SQL ] SELECT `id`,`pid`,`condition`,`icon`,`name`,`title`,`ismenu` FROM `fa_auth_rule` WHERE  `status` = 'normal' [ RunTime:0.001000s ]
[ sql ] [ SQL ] SHOW COLUMNS FROM `fa_user` [ RunTime:0.037002s ]
[ sql ] [ SQL ] SELECT COUNT(*) AS tp_count FROM `fa_user` WHERE  (  status='normal' ) LIMIT 1 [ RunTime:0.001000s ]
[ sql ] [ SQL ] SELECT `id`,`username`,`nickname`,`mobile`,`email`,`jointime`,`parent_id`,`status`,`level` FROM `fa_user` WHERE  (  status='normal' ) ORDER BY `id` DESC LIMIT 0,10 [ RunTime:0.001000s ]
---------------------------------------------------------------
[ 2018-11-05T17:35:25+08:00 ] 127.0.0.1 GET /admin/user/group?addtabs=1
[ info ] 127.0.0.4/admin/user/group?addtabs=1 [运行时间：0.201012s][吞吐率：4.97req/s] [内存消耗：3,115.73kb] [文件加载：80]
[ info ] [ BEHAVIOR ] Run Closure @app_init [ RunTime:0.000000s ]
[ info ] [ CACHE ] INIT File
[ info ] [ BEHAVIOR ] Run \addons\epay\Epay @app_init [ RunTime:0.006000s ]
[ info ] [ BEHAVIOR ] Run Closure @app_init [ RunTime:0.006000s ]
[ info ] [ LANG ] C:\phpstudy\PHPTutorial\WWW\fastadmin\thinkphp\lang\zh-cn.php
[ info ] [ ROUTE ] array (
  'type' => 'module',
  'module' => 
  array (
    0 => 'admin',
    1 => 'user.group',
    2 => NULL,
  ),
)
[ info ] [ HEADER ] array (
  'cookie' => 'PHPSESSID=6pf81u8r3jpd0oncgcr29086c5; Hm_lvt_f8d0a8c400404989e195270b0bbf060a=1539227881,1540349337,1541410507; Hm_lpvt_f8d0a8c400404989e195270b0bbf060a=1541410507',
  'accept-language' => 'zh-CN,zh;q=0.9',
  'accept-encoding' => 'gzip, deflate, br',
  'referer' => 'http://127.0.0.4/admin/user/group?ref=addtabs',
  'accept' => 'text/html,application/xhtml+xml,application/xml;q=0.9,image/webp,image/apng,*/*;q=0.8',
  'user-agent' => 'Mozilla/5.0 (Windows NT 6.1; WOW64) AppleWebKit/537.36 (KHTML, like Gecko) Chrome/68.0.3440.84 Safari/537.36',
  'upgrade-insecure-requests' => '1',
  'connection' => 'close',
  'host' => '127.0.0.4',
)
[ info ] [ PARAM ] array (
  'addtabs' => '1',
)
[ info ] [ LANG ] C:\phpstudy\PHPTutorial\WWW\fastadmin\public/../application/admin\lang\zh-cn.php
[ info ] [ BEHAVIOR ] Run app\common\behavior\Common @module_init [ RunTime:0.003000s ]
[ info ] [ SESSION ] INIT array (
  'id' => '',
  'var_session_id' => '',
  'prefix' => 'think',
  'type' => '',
  'auto_start' => true,
)
[ info ] [ DB ] INIT mysql
[ info ] [ LANG ] C:\phpstudy\PHPTutorial\WWW\fastadmin\public/../application/admin/lang/zh-cn/user/group.php
[ info ] [ RUN ] app\common\controller\Backend->index[ C:\phpstudy\PHPTutorial\WWW\fastadmin\application\admin\library\traits\Backend.php ]
[ info ] [ VIEW ] C:\phpstudy\PHPTutorial\WWW\fastadmin\public/../application/admin\view\user\group\index.html [ array (
  0 => 'breadcrumb',
  1 => 'site',
  2 => 'config',
  3 => 'auth',
  4 => 'admin',
  5 => 'statusList',
) ]
[ info ] [ BEHAVIOR ] Run app\admin\behavior\AdminLog @app_end [ RunTime:0.001000s ]
[ info ] [ LOG ] INIT File
[ sql ] [ DB ] CONNECT:[ UseTime:0.001000s ] mysql:host=127.0.0.1;dbname=fastadmin;charset=utf8
[ sql ] [ SQL ] SHOW COLUMNS FROM `fa_auth_group_access` [ RunTime:0.011001s ]
[ sql ] [ SQL ] SELECT `aga`.`uid`,`aga`.`group_id`,`ag`.`id`,`ag`.`pid`,`ag`.`name`,`ag`.`rules` FROM `fa_auth_group_access` `aga` LEFT JOIN `fa_auth_group` `ag` ON `aga`.`group_id`=`ag`.`id` WHERE  (  aga.uid='1' and ag.status='normal' ) [ RunTime:0.000000s ]
[ sql ] [ SQL ] SHOW COLUMNS FROM `fa_auth_rule` [ RunTime:0.010001s ]
[ sql ] [ SQL ] SELECT `id`,`pid`,`condition`,`icon`,`name`,`title`,`ismenu` FROM `fa_auth_rule` WHERE  `status` = 'normal' [ RunTime:0.002000s ]
[ sql ] [ SQL ] SELECT `title`,`remark` FROM `fa_auth_rule` WHERE  `name` = 'user/group' LIMIT 1 [ RunTime:0.001000s ]
---------------------------------------------------------------
[ 2018-11-05T17:35:25+08:00 ] 127.0.0.1 GET /admin/ajax/lang?callback=define&controllername=user.group&v=1541410524
[ info ] 127.0.0.4/admin/ajax/lang?callback=define&controllername=user.group&v=1541410524 [运行时间：0.080004s][吞吐率：12.50req/s] [内存消耗：2,355.86kb] [文件加载：72]
[ info ] [ BEHAVIOR ] Run Closure @app_init [ RunTime:0.000000s ]
[ info ] [ CACHE ] INIT File
[ info ] [ BEHAVIOR ] Run \addons\epay\Epay @app_init [ RunTime:0.005000s ]
[ info ] [ BEHAVIOR ] Run Closure @app_init [ RunTime:0.005000s ]
[ info ] [ LANG ] C:\phpstudy\PHPTutorial\WWW\fastadmin\thinkphp\lang\zh-cn.php
[ info ] [ ROUTE ] array (
  'type' => 'module',
  'module' => 
  array (
    0 => 'admin',
    1 => 'ajax',
    2 => 'lang',
  ),
)
[ info ] [ HEADER ] array (
  'cookie' => 'PHPSESSID=6pf81u8r3jpd0oncgcr29086c5; Hm_lvt_f8d0a8c400404989e195270b0bbf060a=1539227881,1540349337,1541410507; Hm_lpvt_f8d0a8c400404989e195270b0bbf060a=1541410507',
  'accept-language' => 'zh-CN,zh;q=0.9',
  'accept-encoding' => 'gzip, deflate, br',
  'referer' => 'http://127.0.0.4/admin/user/group?addtabs=1',
  'accept' => '*/*',
  'user-agent' => 'Mozilla/5.0 (Windows NT 6.1; WOW64) AppleWebKit/537.36 (KHTML, like Gecko) Chrome/68.0.3440.84 Safari/537.36',
  'connection' => 'close',
  'host' => '127.0.0.4',
)
[ info ] [ PARAM ] array (
  'callback' => 'define',
  'controllername' => 'user.group',
  'v' => '1541410524',
)
[ info ] [ LANG ] C:\phpstudy\PHPTutorial\WWW\fastadmin\public/../application/admin\lang\zh-cn.php
[ info ] [ BEHAVIOR ] Run app\common\behavior\Common @module_init [ RunTime:0.003000s ]
[ info ] [ SESSION ] INIT array (
  'id' => '',
  'var_session_id' => '',
  'prefix' => 'think',
  'type' => '',
  'auto_start' => true,
)
[ info ] [ LANG ] C:\phpstudy\PHPTutorial\WWW\fastadmin\public/../application/admin/lang/zh-cn/ajax.php
[ info ] [ RUN ] app\admin\controller\Ajax->lang[ C:\phpstudy\PHPTutorial\WWW\fastadmin\application\admin\controller\Ajax.php ]
[ info ] [ LANG ] C:\phpstudy\PHPTutorial\WWW\fastadmin\public/../application/admin/lang/zh-cn/user/group.php
[ info ] [ BEHAVIOR ] Run app\admin\behavior\AdminLog @app_end [ RunTime:0.001000s ]
[ info ] [ LOG ] INIT File
---------------------------------------------------------------
[ 2018-11-05T17:35:26+08:00 ] 127.0.0.1 GET /admin/user/group/index?sort=id&order=desc&offset=0&limit=10&filter=%7B%7D&op=%7B%7D&_=1541410525132
[ info ] 127.0.0.4/admin/user/group/index?sort=id&order=desc&offset=0&limit=10&filter=%7B%7D&op=%7B%7D&_=1541410525132 [运行时间：0.181010s][吞吐率：5.52req/s] [内存消耗：3,177.95kb] [文件加载：82]
[ info ] [ BEHAVIOR ] Run Closure @app_init [ RunTime:0.000000s ]
[ info ] [ CACHE ] INIT File
[ info ] [ BEHAVIOR ] Run \addons\epay\Epay @app_init [ RunTime:0.009001s ]
[ info ] [ BEHAVIOR ] Run Closure @app_init [ RunTime:0.009001s ]
[ info ] [ LANG ] C:\phpstudy\PHPTutorial\WWW\fastadmin\thinkphp\lang\zh-cn.php
[ info ] [ ROUTE ] array (
  'type' => 'module',
  'module' => 
  array (
    0 => 'admin',
    1 => 'user.group',
    2 => 'index',
  ),
)
[ info ] [ HEADER ] array (
  'cookie' => 'PHPSESSID=6pf81u8r3jpd0oncgcr29086c5; Hm_lvt_f8d0a8c400404989e195270b0bbf060a=1539227881,1540349337,1541410507; Hm_lpvt_f8d0a8c400404989e195270b0bbf060a=1541410507',
  'accept-language' => 'zh-CN,zh;q=0.9',
  'accept-encoding' => 'gzip, deflate, br',
  'referer' => 'http://127.0.0.4/admin/user/group?addtabs=1',
  'content-type' => 'application/json',
  'user-agent' => 'Mozilla/5.0 (Windows NT 6.1; WOW64) AppleWebKit/537.36 (KHTML, like Gecko) Chrome/68.0.3440.84 Safari/537.36',
  'x-requested-with' => 'XMLHttpRequest',
  'accept' => 'application/json, text/javascript, */*; q=0.01',
  'connection' => 'close',
  'host' => '127.0.0.4',
)
[ info ] [ PARAM ] array (
  'sort' => 'id',
  'order' => 'desc',
  'offset' => '0',
  'limit' => '10',
  'filter' => '{}',
  'op' => '{}',
  '_' => '1541410525132',
)
[ info ] [ LANG ] C:\phpstudy\PHPTutorial\WWW\fastadmin\public/../application/admin\lang\zh-cn.php
[ info ] [ BEHAVIOR ] Run app\common\behavior\Common @module_init [ RunTime:0.003000s ]
[ info ] [ SESSION ] INIT array (
  'id' => '',
  'var_session_id' => '',
  'prefix' => 'think',
  'type' => '',
  'auto_start' => true,
)
[ info ] [ DB ] INIT mysql
[ info ] [ LANG ] C:\phpstudy\PHPTutorial\WWW\fastadmin\public/../application/admin/lang/zh-cn/user/group.php
[ info ] [ RUN ] app\common\controller\Backend->index[ C:\phpstudy\PHPTutorial\WWW\fastadmin\application\admin\library\traits\Backend.php ]
[ info ] [ BEHAVIOR ] Run app\admin\behavior\AdminLog @app_end [ RunTime:0.000000s ]
[ info ] [ LOG ] INIT File
[ sql ] [ DB ] CONNECT:[ UseTime:0.001000s ] mysql:host=127.0.0.1;dbname=fastadmin;charset=utf8
[ sql ] [ SQL ] SHOW COLUMNS FROM `fa_auth_group_access` [ RunTime:0.009000s ]
[ sql ] [ SQL ] SELECT `aga`.`uid`,`aga`.`group_id`,`ag`.`id`,`ag`.`pid`,`ag`.`name`,`ag`.`rules` FROM `fa_auth_group_access` `aga` LEFT JOIN `fa_auth_group` `ag` ON `aga`.`group_id`=`ag`.`id` WHERE  (  aga.uid='1' and ag.status='normal' ) [ RunTime:0.000000s ]
[ sql ] [ SQL ] SHOW COLUMNS FROM `fa_auth_rule` [ RunTime:0.008001s ]
[ sql ] [ SQL ] SELECT `id`,`pid`,`condition`,`icon`,`name`,`title`,`ismenu` FROM `fa_auth_rule` WHERE  `status` = 'normal' [ RunTime:0.001000s ]
[ sql ] [ SQL ] SHOW COLUMNS FROM `fa_user_group` [ RunTime:0.046003s ]
[ sql ] [ SQL ] SELECT COUNT(*) AS tp_count FROM `fa_user_group` ORDER BY `id` DESC LIMIT 1 [ RunTime:0.001000s ]
[ sql ] [ SQL ] SELECT * FROM `fa_user_group` ORDER BY `id` DESC LIMIT 0,10 [ RunTime:0.001000s ]
---------------------------------------------------------------
[ 2018-11-05T17:35:27+08:00 ] 127.0.0.1 GET /admin/user/user?addtabs=1
[ info ] 127.0.0.4/admin/user/user?addtabs=1 [运行时间：0.115007s][吞吐率：8.70req/s] [内存消耗：3,165.36kb] [文件加载：80]
[ info ] [ BEHAVIOR ] Run Closure @app_init [ RunTime:0.000000s ]
[ info ] [ CACHE ] INIT File
[ info ] [ BEHAVIOR ] Run \addons\epay\Epay @app_init [ RunTime:0.005001s ]
[ info ] [ BEHAVIOR ] Run Closure @app_init [ RunTime:0.005001s ]
[ info ] [ LANG ] C:\phpstudy\PHPTutorial\WWW\fastadmin\thinkphp\lang\zh-cn.php
[ info ] [ ROUTE ] array (
  'type' => 'module',
  'module' => 
  array (
    0 => 'admin',
    1 => 'user.user',
    2 => NULL,
  ),
)
[ info ] [ HEADER ] array (
  'cookie' => 'PHPSESSID=6pf81u8r3jpd0oncgcr29086c5; Hm_lvt_f8d0a8c400404989e195270b0bbf060a=1539227881,1540349337,1541410507; Hm_lpvt_f8d0a8c400404989e195270b0bbf060a=1541410507',
  'accept-language' => 'zh-CN,zh;q=0.9',
  'accept-encoding' => 'gzip, deflate, br',
  'referer' => 'http://127.0.0.4/admin/user/user?ref=addtabs',
  'accept' => 'text/html,application/xhtml+xml,application/xml;q=0.9,image/webp,image/apng,*/*;q=0.8',
  'user-agent' => 'Mozilla/5.0 (Windows NT 6.1; WOW64) AppleWebKit/537.36 (KHTML, like Gecko) Chrome/68.0.3440.84 Safari/537.36',
  'upgrade-insecure-requests' => '1',
  'connection' => 'close',
  'host' => '127.0.0.4',
)
[ info ] [ PARAM ] array (
  'addtabs' => '1',
)
[ info ] [ LANG ] C:\phpstudy\PHPTutorial\WWW\fastadmin\public/../application/admin\lang\zh-cn.php
[ info ] [ BEHAVIOR ] Run app\common\behavior\Common @module_init [ RunTime:0.004000s ]
[ info ] [ SESSION ] INIT array (
  'id' => '',
  'var_session_id' => '',
  'prefix' => 'think',
  'type' => '',
  'auto_start' => true,
)
[ info ] [ DB ] INIT mysql
[ info ] [ LANG ] C:\phpstudy\PHPTutorial\WWW\fastadmin\public/../application/admin/lang/zh-cn/user/user.php
[ info ] [ RUN ] app\admin\controller\user\User->index[ C:\phpstudy\PHPTutorial\WWW\fastadmin\application\admin\controller\user\User.php ]
[ info ] [ VIEW ] C:\phpstudy\PHPTutorial\WWW\fastadmin\public/../application/admin\view\user\user\index.html [ array (
  0 => 'breadcrumb',
  1 => 'site',
  2 => 'config',
  3 => 'auth',
  4 => 'admin',
) ]
[ info ] [ BEHAVIOR ] Run app\admin\behavior\AdminLog @app_end [ RunTime:0.001000s ]
[ info ] [ LOG ] INIT File
[ sql ] [ DB ] CONNECT:[ UseTime:0.001000s ] mysql:host=127.0.0.1;dbname=fastadmin;charset=utf8
[ sql ] [ SQL ] SHOW COLUMNS FROM `fa_auth_group_access` [ RunTime:0.010001s ]
[ sql ] [ SQL ] SELECT `aga`.`uid`,`aga`.`group_id`,`ag`.`id`,`ag`.`pid`,`ag`.`name`,`ag`.`rules` FROM `fa_auth_group_access` `aga` LEFT JOIN `fa_auth_group` `ag` ON `aga`.`group_id`=`ag`.`id` WHERE  (  aga.uid='1' and ag.status='normal' ) [ RunTime:0.001000s ]
[ sql ] [ SQL ] SHOW COLUMNS FROM `fa_auth_rule` [ RunTime:0.010001s ]
[ sql ] [ SQL ] SELECT `id`,`pid`,`condition`,`icon`,`name`,`title`,`ismenu` FROM `fa_auth_rule` WHERE  `status` = 'normal' [ RunTime:0.001000s ]
[ sql ] [ SQL ] SELECT `title`,`remark` FROM `fa_auth_rule` WHERE  `name` = 'user/user' LIMIT 1 [ RunTime:0.000000s ]
---------------------------------------------------------------
[ 2018-11-05T17:35:27+08:00 ] 127.0.0.1 GET /admin/ajax/lang?callback=define&controllername=user.user&v=1541410527
[ info ] 127.0.0.4/admin/ajax/lang?callback=define&controllername=user.user&v=1541410527 [运行时间：0.061004s][吞吐率：16.39req/s] [内存消耗：2,357.77kb] [文件加载：72]
[ info ] [ BEHAVIOR ] Run Closure @app_init [ RunTime:0.000000s ]
[ info ] [ CACHE ] INIT File
[ info ] [ BEHAVIOR ] Run \addons\epay\Epay @app_init [ RunTime:0.005000s ]
[ info ] [ BEHAVIOR ] Run Closure @app_init [ RunTime:0.005000s ]
[ info ] [ LANG ] C:\phpstudy\PHPTutorial\WWW\fastadmin\thinkphp\lang\zh-cn.php
[ info ] [ ROUTE ] array (
  'type' => 'module',
  'module' => 
  array (
    0 => 'admin',
    1 => 'ajax',
    2 => 'lang',
  ),
)
[ info ] [ HEADER ] array (
  'cookie' => 'PHPSESSID=6pf81u8r3jpd0oncgcr29086c5; Hm_lvt_f8d0a8c400404989e195270b0bbf060a=1539227881,1540349337,1541410507; Hm_lpvt_f8d0a8c400404989e195270b0bbf060a=1541410507',
  'accept-language' => 'zh-CN,zh;q=0.9',
  'accept-encoding' => 'gzip, deflate, br',
  'referer' => 'http://127.0.0.4/admin/user/user?addtabs=1',
  'accept' => '*/*',
  'user-agent' => 'Mozilla/5.0 (Windows NT 6.1; WOW64) AppleWebKit/537.36 (KHTML, like Gecko) Chrome/68.0.3440.84 Safari/537.36',
  'connection' => 'close',
  'host' => '127.0.0.4',
)
[ info ] [ PARAM ] array (
  'callback' => 'define',
  'controllername' => 'user.user',
  'v' => '1541410527',
)
[ info ] [ LANG ] C:\phpstudy\PHPTutorial\WWW\fastadmin\public/../application/admin\lang\zh-cn.php
[ info ] [ BEHAVIOR ] Run app\common\behavior\Common @module_init [ RunTime:0.002000s ]
[ info ] [ SESSION ] INIT array (
  'id' => '',
  'var_session_id' => '',
  'prefix' => 'think',
  'type' => '',
  'auto_start' => true,
)
[ info ] [ LANG ] C:\phpstudy\PHPTutorial\WWW\fastadmin\public/../application/admin/lang/zh-cn/ajax.php
[ info ] [ RUN ] app\admin\controller\Ajax->lang[ C:\phpstudy\PHPTutorial\WWW\fastadmin\application\admin\controller\Ajax.php ]
[ info ] [ LANG ] C:\phpstudy\PHPTutorial\WWW\fastadmin\public/../application/admin/lang/zh-cn/user/user.php
[ info ] [ BEHAVIOR ] Run app\admin\behavior\AdminLog @app_end [ RunTime:0.001000s ]
[ info ] [ LOG ] INIT File
---------------------------------------------------------------
[ 2018-11-05T17:35:28+08:00 ] 127.0.0.1 GET /admin/user/user/index?sort=id&order=desc&offset=0&limit=10&filter=%7B%7D&op=%7B%7D&_=1541410527849
[ info ] 127.0.0.4/admin/user/user/index?sort=id&order=desc&offset=0&limit=10&filter=%7B%7D&op=%7B%7D&_=1541410527849 [运行时间：0.121007s][吞吐率：8.26req/s] [内存消耗：3,285.73kb] [文件加载：83]
[ info ] [ BEHAVIOR ] Run Closure @app_init [ RunTime:0.000000s ]
[ info ] [ CACHE ] INIT File
[ info ] [ BEHAVIOR ] Run \addons\epay\Epay @app_init [ RunTime:0.005000s ]
[ info ] [ BEHAVIOR ] Run Closure @app_init [ RunTime:0.005000s ]
[ info ] [ LANG ] C:\phpstudy\PHPTutorial\WWW\fastadmin\thinkphp\lang\zh-cn.php
[ info ] [ ROUTE ] array (
  'type' => 'module',
  'module' => 
  array (
    0 => 'admin',
    1 => 'user.user',
    2 => 'index',
  ),
)
[ info ] [ HEADER ] array (
  'cookie' => 'PHPSESSID=6pf81u8r3jpd0oncgcr29086c5; Hm_lvt_f8d0a8c400404989e195270b0bbf060a=1539227881,1540349337,1541410507; Hm_lpvt_f8d0a8c400404989e195270b0bbf060a=1541410507',
  'accept-language' => 'zh-CN,zh;q=0.9',
  'accept-encoding' => 'gzip, deflate, br',
  'referer' => 'http://127.0.0.4/admin/user/user?addtabs=1',
  'content-type' => 'application/json',
  'user-agent' => 'Mozilla/5.0 (Windows NT 6.1; WOW64) AppleWebKit/537.36 (KHTML, like Gecko) Chrome/68.0.3440.84 Safari/537.36',
  'x-requested-with' => 'XMLHttpRequest',
  'accept' => 'application/json, text/javascript, */*; q=0.01',
  'connection' => 'close',
  'host' => '127.0.0.4',
)
[ info ] [ PARAM ] array (
  'sort' => 'id',
  'order' => 'desc',
  'offset' => '0',
  'limit' => '10',
  'filter' => '{}',
  'op' => '{}',
  '_' => '1541410527849',
)
[ info ] [ LANG ] C:\phpstudy\PHPTutorial\WWW\fastadmin\public/../application/admin\lang\zh-cn.php
[ info ] [ BEHAVIOR ] Run app\common\behavior\Common @module_init [ RunTime:0.002000s ]
[ info ] [ SESSION ] INIT array (
  'id' => '',
  'var_session_id' => '',
  'prefix' => 'think',
  'type' => '',
  'auto_start' => true,
)
[ info ] [ DB ] INIT mysql
[ info ] [ LANG ] C:\phpstudy\PHPTutorial\WWW\fastadmin\public/../application/admin/lang/zh-cn/user/user.php
[ info ] [ RUN ] app\admin\controller\user\User->index[ C:\phpstudy\PHPTutorial\WWW\fastadmin\application\admin\controller\user\User.php ]
[ info ] [ BEHAVIOR ] Run app\admin\behavior\AdminLog @app_end [ RunTime:0.001000s ]
[ info ] [ LOG ] INIT File
[ sql ] [ DB ] CONNECT:[ UseTime:0.002000s ] mysql:host=127.0.0.1;dbname=fastadmin;charset=utf8
[ sql ] [ SQL ] SHOW COLUMNS FROM `fa_auth_group_access` [ RunTime:0.008001s ]
[ sql ] [ SQL ] SELECT `aga`.`uid`,`aga`.`group_id`,`ag`.`id`,`ag`.`pid`,`ag`.`name`,`ag`.`rules` FROM `fa_auth_group_access` `aga` LEFT JOIN `fa_auth_group` `ag` ON `aga`.`group_id`=`ag`.`id` WHERE  (  aga.uid='1' and ag.status='normal' ) [ RunTime:0.001000s ]
[ sql ] [ SQL ] SHOW COLUMNS FROM `fa_auth_rule` [ RunTime:0.011000s ]
[ sql ] [ SQL ] SELECT `id`,`pid`,`condition`,`icon`,`name`,`title`,`ismenu` FROM `fa_auth_rule` WHERE  `status` = 'normal' [ RunTime:0.001000s ]
[ sql ] [ SQL ] SHOW COLUMNS FROM `fa_user` [ RunTime:0.011000s ]
[ sql ] [ SQL ] SELECT COUNT(*) AS tp_count FROM `fa_user` WHERE  (  status='normal' ) LIMIT 1 [ RunTime:0.001000s ]
[ sql ] [ SQL ] SELECT `id`,`username`,`nickname`,`mobile`,`email`,`jointime`,`parent_id`,`status`,`level` FROM `fa_user` WHERE  (  status='normal' ) ORDER BY `id` DESC LIMIT 0,10 [ RunTime:0.001001s ]
---------------------------------------------------------------
[ 2018-11-05T17:35:34+08:00 ] 127.0.0.1 GET /admin/goods/goods_list?addtabs=1
[ info ] 127.0.0.4/admin/goods/goods_list?addtabs=1 [运行时间：0.184010s][吞吐率：5.43req/s] [内存消耗：3,325.57kb] [文件加载：79]
[ info ] [ BEHAVIOR ] Run Closure @app_init [ RunTime:0.000000s ]
[ info ] [ CACHE ] INIT File
[ info ] [ BEHAVIOR ] Run \addons\epay\Epay @app_init [ RunTime:0.004000s ]
[ info ] [ BEHAVIOR ] Run Closure @app_init [ RunTime:0.004000s ]
[ info ] [ LANG ] C:\phpstudy\PHPTutorial\WWW\fastadmin\thinkphp\lang\zh-cn.php
[ info ] [ ROUTE ] array (
  'type' => 'module',
  'module' => 
  array (
    0 => 'admin',
    1 => 'goods',
    2 => 'goods_list',
  ),
)
[ info ] [ HEADER ] array (
  'cookie' => 'PHPSESSID=6pf81u8r3jpd0oncgcr29086c5; Hm_lvt_f8d0a8c400404989e195270b0bbf060a=1539227881,1540349337,1541410507; Hm_lpvt_f8d0a8c400404989e195270b0bbf060a=1541410507',
  'accept-language' => 'zh-CN,zh;q=0.9',
  'accept-encoding' => 'gzip, deflate, br',
  'referer' => 'http://127.0.0.4/admin/goods/goods_list?ref=addtabs',
  'accept' => 'text/html,application/xhtml+xml,application/xml;q=0.9,image/webp,image/apng,*/*;q=0.8',
  'user-agent' => 'Mozilla/5.0 (Windows NT 6.1; WOW64) AppleWebKit/537.36 (KHTML, like Gecko) Chrome/68.0.3440.84 Safari/537.36',
  'upgrade-insecure-requests' => '1',
  'connection' => 'close',
  'host' => '127.0.0.4',
)
[ info ] [ PARAM ] array (
  'addtabs' => '1',
)
[ info ] [ LANG ] C:\phpstudy\PHPTutorial\WWW\fastadmin\public/../application/admin\lang\zh-cn.php
[ info ] [ BEHAVIOR ] Run app\common\behavior\Common @module_init [ RunTime:0.002000s ]
[ info ] [ SESSION ] INIT array (
  'id' => '',
  'var_session_id' => '',
  'prefix' => 'think',
  'type' => '',
  'auto_start' => true,
)
[ info ] [ DB ] INIT mysql
[ info ] [ RUN ] app\admin\controller\Goods->goods_list[ C:\phpstudy\PHPTutorial\WWW\fastadmin\application\admin\controller\Goods.php ]
[ info ] [ LOG ] INIT File
[ sql ] [ DB ] CONNECT:[ UseTime:0.010000s ] mysql:host=127.0.0.1;dbname=fastadmin;charset=utf8
[ sql ] [ SQL ] SHOW COLUMNS FROM `fa_auth_group_access` [ RunTime:0.009001s ]
[ sql ] [ SQL ] SELECT `aga`.`uid`,`aga`.`group_id`,`ag`.`id`,`ag`.`pid`,`ag`.`name`,`ag`.`rules` FROM `fa_auth_group_access` `aga` LEFT JOIN `fa_auth_group` `ag` ON `aga`.`group_id`=`ag`.`id` WHERE  (  aga.uid='1' and ag.status='normal' ) [ RunTime:0.001000s ]
[ sql ] [ SQL ] SHOW COLUMNS FROM `fa_auth_rule` [ RunTime:0.011000s ]
[ sql ] [ SQL ] SELECT `id`,`pid`,`condition`,`icon`,`name`,`title`,`ismenu` FROM `fa_auth_rule` WHERE  `status` = 'normal' [ RunTime:0.001000s ]
[ sql ] [ SQL ] SHOW COLUMNS FROM `fa_goods` [ RunTime:0.037003s ]
[ sql ] [ SQL ] SELECT COUNT(*) AS tp_count FROM `fa_goods` WHERE  (  is_delete = 0 ) LIMIT 1 [ RunTime:0.007000s ]
[ sql ] [ SQL ] SELECT `goods_id`,`goods_name`,`shop_price` FROM `fa_goods` WHERE  (  is_delete = 0 ) LIMIT 0,10 [ RunTime:0.000000s ]
---------------------------------------------------------------
[ 2018-11-05T17:35:35+08:00 ] 127.0.0.1 GET /admin/goods/goodstype?addtabs=1
[ info ] 127.0.0.4/admin/goods/goodstype?addtabs=1 [运行时间：0.169010s][吞吐率：5.92req/s] [内存消耗：3,309.46kb] [文件加载：79]
[ info ] [ BEHAVIOR ] Run Closure @app_init [ RunTime:0.000000s ]
[ info ] [ CACHE ] INIT File
[ info ] [ BEHAVIOR ] Run \addons\epay\Epay @app_init [ RunTime:0.005001s ]
[ info ] [ BEHAVIOR ] Run Closure @app_init [ RunTime:0.005001s ]
[ info ] [ LANG ] C:\phpstudy\PHPTutorial\WWW\fastadmin\thinkphp\lang\zh-cn.php
[ info ] [ ROUTE ] array (
  'type' => 'module',
  'module' => 
  array (
    0 => 'admin',
    1 => 'goods',
    2 => 'goodstype',
  ),
)
[ info ] [ HEADER ] array (
  'cookie' => 'PHPSESSID=6pf81u8r3jpd0oncgcr29086c5; Hm_lvt_f8d0a8c400404989e195270b0bbf060a=1539227881,1540349337,1541410507; Hm_lpvt_f8d0a8c400404989e195270b0bbf060a=1541410507',
  'accept-language' => 'zh-CN,zh;q=0.9',
  'accept-encoding' => 'gzip, deflate, br',
  'referer' => 'http://127.0.0.4/admin/goods/goodstype?ref=addtabs',
  'accept' => 'text/html,application/xhtml+xml,application/xml;q=0.9,image/webp,image/apng,*/*;q=0.8',
  'user-agent' => 'Mozilla/5.0 (Windows NT 6.1; WOW64) AppleWebKit/537.36 (KHTML, like Gecko) Chrome/68.0.3440.84 Safari/537.36',
  'upgrade-insecure-requests' => '1',
  'connection' => 'close',
  'host' => '127.0.0.4',
)
[ info ] [ PARAM ] array (
  'addtabs' => '1',
)
[ info ] [ LANG ] C:\phpstudy\PHPTutorial\WWW\fastadmin\public/../application/admin\lang\zh-cn.php
[ info ] [ BEHAVIOR ] Run app\common\behavior\Common @module_init [ RunTime:0.003000s ]
[ info ] [ SESSION ] INIT array (
  'id' => '',
  'var_session_id' => '',
  'prefix' => 'think',
  'type' => '',
  'auto_start' => true,
)
[ info ] [ DB ] INIT mysql
[ info ] [ RUN ] app\admin\controller\Goods->goodsType[ C:\phpstudy\PHPTutorial\WWW\fastadmin\application\admin\controller\Goods.php ]
[ info ] [ LOG ] INIT File
[ sql ] [ DB ] CONNECT:[ UseTime:0.011001s ] mysql:host=127.0.0.1;dbname=fastadmin;charset=utf8
[ sql ] [ SQL ] SHOW COLUMNS FROM `fa_auth_group_access` [ RunTime:0.009000s ]
[ sql ] [ SQL ] SELECT `aga`.`uid`,`aga`.`group_id`,`ag`.`id`,`ag`.`pid`,`ag`.`name`,`ag`.`rules` FROM `fa_auth_group_access` `aga` LEFT JOIN `fa_auth_group` `ag` ON `aga`.`group_id`=`ag`.`id` WHERE  (  aga.uid='1' and ag.status='normal' ) [ RunTime:0.001000s ]
[ sql ] [ SQL ] SHOW COLUMNS FROM `fa_auth_rule` [ RunTime:0.008001s ]
[ sql ] [ SQL ] SELECT `id`,`pid`,`condition`,`icon`,`name`,`title`,`ismenu` FROM `fa_auth_rule` WHERE  `status` = 'normal' [ RunTime:0.002000s ]
[ sql ] [ SQL ] SHOW COLUMNS FROM `fa_goods_type` [ RunTime:0.052003s ]
[ sql ] [ SQL ] SELECT COUNT(*) AS tp_count FROM `fa_goods_type` LIMIT 1 [ RunTime:0.001000s ]
[ sql ] [ SQL ] SELECT `cat_id`,`cat_name` FROM `fa_goods_type` LIMIT 0,10 [ RunTime:0.001000s ]
---------------------------------------------------------------
[ 2018-11-05T17:35:36+08:00 ] 127.0.0.1 GET /admin/goods/goods_category?addtabs=1
[ info ] 127.0.0.4/admin/goods/goods_category?addtabs=1 [运行时间：0.172010s][吞吐率：5.81req/s] [内存消耗：3,219.73kb] [文件加载：76]
[ info ] [ BEHAVIOR ] Run Closure @app_init [ RunTime:0.000000s ]
[ info ] [ CACHE ] INIT File
[ info ] [ BEHAVIOR ] Run \addons\epay\Epay @app_init [ RunTime:0.005000s ]
[ info ] [ BEHAVIOR ] Run Closure @app_init [ RunTime:0.005000s ]
[ info ] [ LANG ] C:\phpstudy\PHPTutorial\WWW\fastadmin\thinkphp\lang\zh-cn.php
[ info ] [ ROUTE ] array (
  'type' => 'module',
  'module' => 
  array (
    0 => 'admin',
    1 => 'goods',
    2 => 'goods_category',
  ),
)
[ info ] [ HEADER ] array (
  'cookie' => 'PHPSESSID=6pf81u8r3jpd0oncgcr29086c5; Hm_lvt_f8d0a8c400404989e195270b0bbf060a=1539227881,1540349337,1541410507; Hm_lpvt_f8d0a8c400404989e195270b0bbf060a=1541410507',
  'accept-language' => 'zh-CN,zh;q=0.9',
  'accept-encoding' => 'gzip, deflate, br',
  'referer' => 'http://127.0.0.4/admin/goods/goods_category?ref=addtabs',
  'accept' => 'text/html,application/xhtml+xml,application/xml;q=0.9,image/webp,image/apng,*/*;q=0.8',
  'user-agent' => 'Mozilla/5.0 (Windows NT 6.1; WOW64) AppleWebKit/537.36 (KHTML, like Gecko) Chrome/68.0.3440.84 Safari/537.36',
  'upgrade-insecure-requests' => '1',
  'connection' => 'close',
  'host' => '127.0.0.4',
)
[ info ] [ PARAM ] array (
  'addtabs' => '1',
)
[ info ] [ LANG ] C:\phpstudy\PHPTutorial\WWW\fastadmin\public/../application/admin\lang\zh-cn.php
[ info ] [ BEHAVIOR ] Run app\common\behavior\Common @module_init [ RunTime:0.002001s ]
[ info ] [ SESSION ] INIT array (
  'id' => '',
  'var_session_id' => '',
  'prefix' => 'think',
  'type' => '',
  'auto_start' => true,
)
[ info ] [ DB ] INIT mysql
[ info ] [ RUN ] app\admin\controller\Goods->goods_category[ C:\phpstudy\PHPTutorial\WWW\fastadmin\application\admin\controller\Goods.php ]
[ info ] [ LOG ] INIT File
[ sql ] [ DB ] CONNECT:[ UseTime:0.001000s ] mysql:host=127.0.0.1;dbname=fastadmin;charset=utf8
[ sql ] [ SQL ] SHOW COLUMNS FROM `fa_auth_group_access` [ RunTime:0.009000s ]
[ sql ] [ SQL ] SELECT `aga`.`uid`,`aga`.`group_id`,`ag`.`id`,`ag`.`pid`,`ag`.`name`,`ag`.`rules` FROM `fa_auth_group_access` `aga` LEFT JOIN `fa_auth_group` `ag` ON `aga`.`group_id`=`ag`.`id` WHERE  (  aga.uid='1' and ag.status='normal' ) [ RunTime:0.001000s ]
[ sql ] [ SQL ] SHOW COLUMNS FROM `fa_auth_rule` [ RunTime:0.012001s ]
[ sql ] [ SQL ] SELECT `id`,`pid`,`condition`,`icon`,`name`,`title`,`ismenu` FROM `fa_auth_rule` WHERE  `status` = 'normal' [ RunTime:0.001000s ]
[ sql ] [ SQL ] SHOW COLUMNS FROM `fa_goods_category` [ RunTime:0.069004s ]
[ sql ] [ SQL ] SELECT `cat_id`,`cat_name`,`cat_desc`,`parent_id` FROM `fa_goods_category` [ RunTime:0.002001s ]
