[ 2018-09-05T10:17:33+08:00 ][ info ] [ BEHAVIOR ] Run Closure @app_init [ RunTime:0.001000s ]
[ info ] [ LOG ] INIT File
[ 2018-09-05T10:17:33+08:00 ][ info ] [ CACHE ] INIT File
[ 2018-09-05T10:17:33+08:00 ][ info ] [ BEHAVIOR ] Run \addons\epay\Epay @app_init [ RunTime:0.006001s ]
[ 2018-09-05T10:17:33+08:00 ][ info ] [ BEHAVIOR ] Run Closure @app_init [ RunTime:0.007001s ]
[ 2018-09-05T10:17:33+08:00 ][ info ] [ LANG ] C:\phpstudy\PHPTutorial\WWW\fastadmin\thinkphp\lang\zh-cn.php
[ 2018-09-05T10:17:33+08:00 ][ info ] [ ROUTE ] array (
  'type' => 'module',
  'module' => 
  array (
    0 => 'api',
    1 => 'test',
    2 => 'redis',
  ),
)
[ 2018-09-05T10:17:33+08:00 ][ info ] [ HEADER ] array (
)
[ 2018-09-05T10:17:33+08:00 ][ info ] [ PARAM ] array (
)
[ 2018-09-05T10:17:33+08:00 ][ info ] [ LANG ] C:\phpstudy\PHPTutorial\WWW\fastadmin\public/../application/api\lang\zh-cn.php
[ 2018-09-05T10:17:33+08:00 ][ info ] [ BEHAVIOR ] Run app\common\behavior\Common @module_init [ RunTime:0.003001s ]
[ 2018-09-05T10:17:33+08:00 ][ info ] [ TOKEN ] INIT Mysql
[ 2018-09-05T10:17:33+08:00 ][ info ] [ DB ] INIT mysql
[ 2018-09-05T10:17:33+08:00 ][ sql ] [ DB ] CONNECT:[ UseTime:0.003000s ] mysql:host=127.0.0.1;dbname=fastadmin;charset=utf8
[ 2018-09-05T10:17:33+08:00 ][ sql ] [ SQL ] SHOW COLUMNS FROM `fa_user_token` [ RunTime:0.055003s ]
[ 2018-09-05T10:17:33+08:00 ][ sql ] [ SQL ] SELECT * FROM `fa_user_token` WHERE  `token` = 'd8aa945b8448d8a41ab99c04b04f9e522294b47c' LIMIT 1 [ RunTime:0.001000s ]
[ 2018-09-05T10:20:29+08:00 ][ info ] [ BEHAVIOR ] Run Closure @app_init [ RunTime:0.000000s ]
[ info ] [ LOG ] INIT File
[ 2018-09-05T10:20:29+08:00 ][ info ] [ CACHE ] INIT File
[ 2018-09-05T10:20:29+08:00 ][ info ] [ BEHAVIOR ] Run \addons\epay\Epay @app_init [ RunTime:0.005001s ]
[ 2018-09-05T10:20:29+08:00 ][ info ] [ BEHAVIOR ] Run Closure @app_init [ RunTime:0.006001s ]
[ 2018-09-05T10:20:29+08:00 ][ info ] [ LANG ] C:\phpstudy\PHPTutorial\WWW\fastadmin\thinkphp\lang\zh-cn.php
[ 2018-09-05T10:20:29+08:00 ][ info ] [ ROUTE ] array (
  'type' => 'module',
  'module' => 
  array (
    0 => 'api',
    1 => 'test',
    2 => 'redis',
  ),
)
[ 2018-09-05T10:20:29+08:00 ][ info ] [ HEADER ] array (
)
[ 2018-09-05T10:20:29+08:00 ][ info ] [ PARAM ] array (
)
[ 2018-09-05T10:20:29+08:00 ][ info ] [ LANG ] C:\phpstudy\PHPTutorial\WWW\fastadmin\public/../application/api\lang\zh-cn.php
[ 2018-09-05T10:20:29+08:00 ][ info ] [ BEHAVIOR ] Run app\common\behavior\Common @module_init [ RunTime:0.002000s ]
[ 2018-09-05T10:20:29+08:00 ][ info ] [ RUN ] app\api\controller\Test->redis[ C:\phpstudy\PHPTutorial\WWW\fastadmin\application\api\controller\Test.php ]
[ 2018-09-05T10:22:04+08:00 ][ info ] [ BEHAVIOR ] Run Closure @app_init [ RunTime:0.000000s ]
[ info ] [ LOG ] INIT File
[ 2018-09-05T10:22:04+08:00 ][ info ] [ CACHE ] INIT File
[ 2018-09-05T10:22:04+08:00 ][ info ] [ BEHAVIOR ] Run \addons\epay\Epay @app_init [ RunTime:0.004000s ]
[ 2018-09-05T10:22:04+08:00 ][ info ] [ BEHAVIOR ] Run Closure @app_init [ RunTime:0.005000s ]
[ 2018-09-05T10:22:04+08:00 ][ info ] [ LANG ] C:\phpstudy\PHPTutorial\WWW\fastadmin\thinkphp\lang\zh-cn.php
[ 2018-09-05T10:22:04+08:00 ][ info ] [ ROUTE ] array (
  'type' => 'module',
  'module' => 
  array (
    0 => 'api',
    1 => 'test',
    2 => 'redis',
  ),
)
[ 2018-09-05T10:22:04+08:00 ][ info ] [ HEADER ] array (
)
[ 2018-09-05T10:22:04+08:00 ][ info ] [ PARAM ] array (
)
[ 2018-09-05T10:22:04+08:00 ][ info ] [ LANG ] C:\phpstudy\PHPTutorial\WWW\fastadmin\public/../application/api\lang\zh-cn.php
[ 2018-09-05T10:22:04+08:00 ][ info ] [ BEHAVIOR ] Run app\common\behavior\Common @module_init [ RunTime:0.002000s ]
[ 2018-09-05T10:22:04+08:00 ][ info ] [ RUN ] app\api\controller\Test->redis[ C:\phpstudy\PHPTutorial\WWW\fastadmin\application\api\controller\Test.php ]
[ 2018-09-05T10:22:04+08:00 ][ error ] [0]not support: redis[C:\phpstudy\PHPTutorial\WWW\fastadmin\thinkphp\library\think\cache\driver\Redis.php:44]
[ 2018-09-05T10:22:46+08:00 ][ info ] [ BEHAVIOR ] Run Closure @app_init [ RunTime:0.000000s ]
[ info ] [ LOG ] INIT File
[ 2018-09-05T10:22:46+08:00 ][ info ] [ CACHE ] INIT File
[ 2018-09-05T10:22:46+08:00 ][ info ] [ BEHAVIOR ] Run \addons\epay\Epay @app_init [ RunTime:0.004000s ]
[ 2018-09-05T10:22:46+08:00 ][ info ] [ BEHAVIOR ] Run Closure @app_init [ RunTime:0.005000s ]
[ 2018-09-05T10:22:46+08:00 ][ info ] [ LANG ] C:\phpstudy\PHPTutorial\WWW\fastadmin\thinkphp\lang\zh-cn.php
[ 2018-09-05T10:22:46+08:00 ][ info ] [ ROUTE ] array (
  'type' => 'module',
  'module' => 
  array (
    0 => 'api',
    1 => 'test',
    2 => 'redis',
  ),
)
[ 2018-09-05T10:22:46+08:00 ][ info ] [ HEADER ] array (
)
[ 2018-09-05T10:22:46+08:00 ][ info ] [ PARAM ] array (
)
[ 2018-09-05T10:22:46+08:00 ][ info ] [ LANG ] C:\phpstudy\PHPTutorial\WWW\fastadmin\public/../application/api\lang\zh-cn.php
[ 2018-09-05T10:22:46+08:00 ][ info ] [ BEHAVIOR ] Run app\common\behavior\Common @module_init [ RunTime:0.003000s ]
[ 2018-09-05T10:22:46+08:00 ][ info ] [ RUN ] app\api\controller\Test->redis[ C:\phpstudy\PHPTutorial\WWW\fastadmin\application\api\controller\Test.php ]
[ 2018-09-05T10:22:46+08:00 ][ error ] [0]not support: redis[C:\phpstudy\PHPTutorial\WWW\fastadmin\thinkphp\library\think\cache\driver\Redis.php:44]
[ 2018-09-05T10:23:53+08:00 ][ info ] [ BEHAVIOR ] Run Closure @app_init [ RunTime:0.000000s ]
[ info ] [ LOG ] INIT File
[ 2018-09-05T10:23:53+08:00 ][ info ] [ CACHE ] INIT File
[ 2018-09-05T10:23:53+08:00 ][ info ] [ BEHAVIOR ] Run \addons\epay\Epay @app_init [ RunTime:0.005001s ]
[ 2018-09-05T10:23:53+08:00 ][ info ] [ BEHAVIOR ] Run Closure @app_init [ RunTime:0.006001s ]
[ 2018-09-05T10:23:53+08:00 ][ info ] [ LANG ] C:\phpstudy\PHPTutorial\WWW\fastadmin\thinkphp\lang\zh-cn.php
[ 2018-09-05T10:23:53+08:00 ][ info ] [ ROUTE ] array (
  'type' => 'module',
  'module' => 
  array (
    0 => 'api',
    1 => 'test',
    2 => 'redis',
  ),
)
[ 2018-09-05T10:23:53+08:00 ][ info ] [ HEADER ] array (
)
[ 2018-09-05T10:23:53+08:00 ][ info ] [ PARAM ] array (
)
[ 2018-09-05T10:23:53+08:00 ][ info ] [ LANG ] C:\phpstudy\PHPTutorial\WWW\fastadmin\public/../application/api\lang\zh-cn.php
[ 2018-09-05T10:23:53+08:00 ][ info ] [ BEHAVIOR ] Run app\common\behavior\Common @module_init [ RunTime:0.003000s ]
[ 2018-09-05T10:23:53+08:00 ][ info ] [ RUN ] app\api\controller\Test->redis[ C:\phpstudy\PHPTutorial\WWW\fastadmin\application\api\controller\Test.php ]
[ 2018-09-05T10:25:09+08:00 ][ info ] [ BEHAVIOR ] Run Closure @app_init [ RunTime:0.000000s ]
[ info ] [ LOG ] INIT File
[ 2018-09-05T10:25:09+08:00 ][ info ] [ CACHE ] INIT File
[ 2018-09-05T10:25:09+08:00 ][ info ] [ BEHAVIOR ] Run \addons\epay\Epay @app_init [ RunTime:0.004000s ]
[ 2018-09-05T10:25:09+08:00 ][ info ] [ BEHAVIOR ] Run Closure @app_init [ RunTime:0.004000s ]
[ 2018-09-05T10:25:09+08:00 ][ info ] [ LANG ] C:\phpstudy\PHPTutorial\WWW\fastadmin\thinkphp\lang\zh-cn.php
[ 2018-09-05T10:25:09+08:00 ][ info ] [ ROUTE ] array (
  'type' => 'module',
  'module' => 
  array (
    0 => 'api',
    1 => 'test',
    2 => 'redis',
  ),
)
[ 2018-09-05T10:25:09+08:00 ][ info ] [ HEADER ] array (
)
[ 2018-09-05T10:25:09+08:00 ][ info ] [ PARAM ] array (
)
[ 2018-09-05T10:25:09+08:00 ][ info ] [ LANG ] C:\phpstudy\PHPTutorial\WWW\fastadmin\public/../application/api\lang\zh-cn.php
[ 2018-09-05T10:25:09+08:00 ][ info ] [ BEHAVIOR ] Run app\common\behavior\Common @module_init [ RunTime:0.003001s ]
[ 2018-09-05T10:25:09+08:00 ][ info ] [ RUN ] app\api\controller\Test->redis[ C:\phpstudy\PHPTutorial\WWW\fastadmin\application\api\controller\Test.php ]
[ 2018-09-05T10:25:09+08:00 ][ error ] [0]not support: redis[C:\phpstudy\PHPTutorial\WWW\fastadmin\thinkphp\library\think\cache\driver\Redis.php:44]
[ 2018-09-05T10:30:12+08:00 ][ info ] [ BEHAVIOR ] Run Closure @app_init [ RunTime:0.000000s ]
[ info ] [ LOG ] INIT File
[ 2018-09-05T10:30:12+08:00 ][ info ] [ CACHE ] INIT File
[ 2018-09-05T10:30:12+08:00 ][ info ] [ BEHAVIOR ] Run \addons\epay\Epay @app_init [ RunTime:0.004000s ]
[ 2018-09-05T10:30:12+08:00 ][ info ] [ BEHAVIOR ] Run Closure @app_init [ RunTime:0.004000s ]
[ 2018-09-05T10:30:12+08:00 ][ info ] [ LANG ] C:\phpstudy\PHPTutorial\WWW\fastadmin\thinkphp\lang\zh-cn.php
[ 2018-09-05T10:30:12+08:00 ][ info ] [ ROUTE ] array (
  'type' => 'module',
  'module' => 
  array (
    0 => 'api',
    1 => 'test',
    2 => 'redis',
  ),
)
[ 2018-09-05T10:30:12+08:00 ][ info ] [ HEADER ] array (
)
[ 2018-09-05T10:30:12+08:00 ][ info ] [ PARAM ] array (
)
[ 2018-09-05T10:30:12+08:00 ][ info ] [ LANG ] C:\phpstudy\PHPTutorial\WWW\fastadmin\public/../application/api\lang\zh-cn.php
[ 2018-09-05T10:30:12+08:00 ][ info ] [ BEHAVIOR ] Run app\common\behavior\Common @module_init [ RunTime:0.002000s ]
[ 2018-09-05T10:30:12+08:00 ][ info ] [ RUN ] app\api\controller\Test->redis[ C:\phpstudy\PHPTutorial\WWW\fastadmin\application\api\controller\Test.php ]
[ 2018-09-05T10:30:12+08:00 ][ error ] [0]not support: redis[C:\phpstudy\PHPTutorial\WWW\fastadmin\thinkphp\library\think\cache\driver\Redis.php:44]
[ 2018-09-05T10:30:41+08:00 ][ info ] [ BEHAVIOR ] Run Closure @app_init [ RunTime:0.000000s ]
[ info ] [ LOG ] INIT File
[ 2018-09-05T10:30:41+08:00 ][ info ] [ CACHE ] INIT File
[ 2018-09-05T10:30:41+08:00 ][ info ] [ BEHAVIOR ] Run \addons\epay\Epay @app_init [ RunTime:0.004000s ]
[ 2018-09-05T10:30:41+08:00 ][ info ] [ BEHAVIOR ] Run Closure @app_init [ RunTime:0.004000s ]
[ 2018-09-05T10:30:41+08:00 ][ info ] [ LANG ] C:\phpstudy\PHPTutorial\WWW\fastadmin\thinkphp\lang\zh-cn.php
[ 2018-09-05T10:30:41+08:00 ][ info ] [ ROUTE ] array (
  'type' => 'module',
  'module' => 
  array (
    0 => 'api',
    1 => 'test',
    2 => 'redis',
  ),
)
[ 2018-09-05T10:30:41+08:00 ][ info ] [ HEADER ] array (
)
[ 2018-09-05T10:30:41+08:00 ][ info ] [ PARAM ] array (
)
[ 2018-09-05T10:30:41+08:00 ][ info ] [ LANG ] C:\phpstudy\PHPTutorial\WWW\fastadmin\public/../application/api\lang\zh-cn.php
[ 2018-09-05T10:30:41+08:00 ][ info ] [ BEHAVIOR ] Run app\common\behavior\Common @module_init [ RunTime:0.003000s ]
[ 2018-09-05T10:30:41+08:00 ][ info ] [ TOKEN ] INIT Mysql
[ 2018-09-05T10:30:41+08:00 ][ info ] [ DB ] INIT mysql
[ 2018-09-05T10:30:41+08:00 ][ sql ] [ DB ] CONNECT:[ UseTime:0.003000s ] mysql:host=127.0.0.1;dbname=fastadmin;charset=utf8
[ 2018-09-05T10:30:41+08:00 ][ sql ] [ SQL ] SHOW COLUMNS FROM `fa_user_token` [ RunTime:0.008001s ]
[ 2018-09-05T10:30:41+08:00 ][ sql ] [ SQL ] SELECT * FROM `fa_user_token` WHERE  `token` = 'd8aa945b8448d8a41ab99c04b04f9e522294b47c' LIMIT 1 [ RunTime:0.000000s ]
[ 2018-09-05T10:39:40+08:00 ][ info ] [ BEHAVIOR ] Run Closure @app_init [ RunTime:0.000000s ]
[ info ] [ LOG ] INIT File
[ 2018-09-05T10:39:40+08:00 ][ info ] [ CACHE ] INIT File
[ 2018-09-05T10:39:40+08:00 ][ info ] [ BEHAVIOR ] Run \addons\epay\Epay @app_init [ RunTime:0.004000s ]
[ 2018-09-05T10:39:40+08:00 ][ info ] [ BEHAVIOR ] Run Closure @app_init [ RunTime:0.005000s ]
[ 2018-09-05T10:39:40+08:00 ][ info ] [ LANG ] C:\phpstudy\PHPTutorial\WWW\fastadmin\thinkphp\lang\zh-cn.php
[ 2018-09-05T10:39:40+08:00 ][ info ] [ ROUTE ] array (
  'type' => 'module',
  'module' => 
  array (
    0 => 'api',
    1 => 'test',
    2 => 'redis',
  ),
)
[ 2018-09-05T10:39:40+08:00 ][ info ] [ HEADER ] array (
)
[ 2018-09-05T10:39:40+08:00 ][ info ] [ PARAM ] array (
)
[ 2018-09-05T10:39:40+08:00 ][ info ] [ LANG ] C:\phpstudy\PHPTutorial\WWW\fastadmin\public/../application/api\lang\zh-cn.php
[ 2018-09-05T10:39:40+08:00 ][ info ] [ BEHAVIOR ] Run app\common\behavior\Common @module_init [ RunTime:0.002001s ]
[ 2018-09-05T10:39:40+08:00 ][ info ] [ TOKEN ] INIT Mysql
[ 2018-09-05T10:39:40+08:00 ][ info ] [ DB ] INIT mysql
[ 2018-09-05T10:39:40+08:00 ][ sql ] [ DB ] CONNECT:[ UseTime:0.011000s ] mysql:host=127.0.0.1;dbname=fastadmin;charset=utf8
[ 2018-09-05T10:39:40+08:00 ][ sql ] [ SQL ] SHOW COLUMNS FROM `fa_user_token` [ RunTime:0.007001s ]
[ 2018-09-05T10:39:40+08:00 ][ sql ] [ SQL ] SELECT * FROM `fa_user_token` WHERE  `token` = 'd8aa945b8448d8a41ab99c04b04f9e522294b47c' LIMIT 1 [ RunTime:0.001000s ]
[ 2018-09-05T10:49:43+08:00 ][ info ] [ BEHAVIOR ] Run Closure @app_init [ RunTime:0.001000s ]
[ info ] [ LOG ] INIT File
[ 2018-09-05T10:49:43+08:00 ][ info ] [ CACHE ] INIT File
[ 2018-09-05T10:49:43+08:00 ][ info ] [ BEHAVIOR ] Run \addons\epay\Epay @app_init [ RunTime:0.004001s ]
[ 2018-09-05T10:49:43+08:00 ][ info ] [ BEHAVIOR ] Run Closure @app_init [ RunTime:0.005001s ]
[ 2018-09-05T10:49:43+08:00 ][ info ] [ LANG ] C:\phpstudy\PHPTutorial\WWW\fastadmin\thinkphp\lang\zh-cn.php
[ 2018-09-05T10:49:43+08:00 ][ info ] [ ROUTE ] array (
  'type' => 'module',
  'module' => 
  array (
    0 => 'api',
    1 => 'test',
    2 => 'redis',
  ),
)
[ 2018-09-05T10:49:43+08:00 ][ info ] [ HEADER ] array (
)
[ 2018-09-05T10:49:43+08:00 ][ info ] [ PARAM ] array (
)
[ 2018-09-05T10:49:43+08:00 ][ info ] [ LANG ] C:\phpstudy\PHPTutorial\WWW\fastadmin\public/../application/api\lang\zh-cn.php
[ 2018-09-05T10:49:43+08:00 ][ info ] [ BEHAVIOR ] Run app\common\behavior\Common @module_init [ RunTime:0.002000s ]
[ 2018-09-05T10:49:43+08:00 ][ info ] [ TOKEN ] INIT Mysql
[ 2018-09-05T10:49:43+08:00 ][ info ] [ DB ] INIT mysql
[ 2018-09-05T10:49:43+08:00 ][ sql ] [ DB ] CONNECT:[ UseTime:0.002000s ] mysql:host=127.0.0.1;dbname=fastadmin;charset=utf8
[ 2018-09-05T10:49:43+08:00 ][ sql ] [ SQL ] SHOW COLUMNS FROM `fa_user_token` [ RunTime:0.008001s ]
[ 2018-09-05T10:49:43+08:00 ][ sql ] [ SQL ] SELECT * FROM `fa_user_token` WHERE  `token` = 'd8aa945b8448d8a41ab99c04b04f9e522294b47c' LIMIT 1 [ RunTime:0.001000s ]
[ 2018-09-05T11:33:00+08:00 ][ info ] [ BEHAVIOR ] Run Closure @app_init [ RunTime:0.000000s ]
[ info ] [ LOG ] INIT File
[ 2018-09-05T11:33:00+08:00 ][ info ] [ CACHE ] INIT File
[ 2018-09-05T11:33:00+08:00 ][ info ] [ BEHAVIOR ] Run \addons\epay\Epay @app_init [ RunTime:0.004000s ]
[ 2018-09-05T11:33:00+08:00 ][ info ] [ BEHAVIOR ] Run Closure @app_init [ RunTime:0.004000s ]
[ 2018-09-05T11:33:00+08:00 ][ info ] [ LANG ] C:\phpstudy\PHPTutorial\WWW\fastadmin\thinkphp\lang\zh-cn.php
[ 2018-09-05T11:33:00+08:00 ][ info ] [ ROUTE ] array (
  'type' => 'module',
  'module' => 
  array (
    0 => 'api',
    1 => 'test',
    2 => 'redis',
  ),
)
[ 2018-09-05T11:33:00+08:00 ][ info ] [ HEADER ] array (
)
[ 2018-09-05T11:33:00+08:00 ][ info ] [ PARAM ] array (
)
[ 2018-09-05T11:33:00+08:00 ][ info ] [ LANG ] C:\phpstudy\PHPTutorial\WWW\fastadmin\public/../application/api\lang\zh-cn.php
[ 2018-09-05T11:33:00+08:00 ][ info ] [ BEHAVIOR ] Run app\common\behavior\Common @module_init [ RunTime:0.002000s ]
[ 2018-09-05T11:33:00+08:00 ][ info ] [ TOKEN ] INIT Mysql
[ 2018-09-05T11:33:00+08:00 ][ info ] [ DB ] INIT mysql
[ 2018-09-05T11:33:00+08:00 ][ sql ] [ DB ] CONNECT:[ UseTime:0.002000s ] mysql:host=127.0.0.1;dbname=fastadmin;charset=utf8
[ 2018-09-05T11:33:00+08:00 ][ sql ] [ SQL ] SHOW COLUMNS FROM `fa_user_token` [ RunTime:0.009001s ]
[ 2018-09-05T11:33:00+08:00 ][ sql ] [ SQL ] SELECT * FROM `fa_user_token` WHERE  `token` = 'd8aa945b8448d8a41ab99c04b04f9e522294b47c' LIMIT 1 [ RunTime:0.001000s ]
[ 2018-09-05T11:33:36+08:00 ][ info ] [ BEHAVIOR ] Run Closure @app_init [ RunTime:0.000000s ]
[ info ] [ LOG ] INIT File
[ 2018-09-05T11:33:36+08:00 ][ info ] [ CACHE ] INIT File
[ 2018-09-05T11:33:36+08:00 ][ info ] [ BEHAVIOR ] Run \addons\epay\Epay @app_init [ RunTime:0.004000s ]
[ 2018-09-05T11:33:36+08:00 ][ info ] [ BEHAVIOR ] Run Closure @app_init [ RunTime:0.004000s ]
[ 2018-09-05T11:33:36+08:00 ][ info ] [ LANG ] C:\phpstudy\PHPTutorial\WWW\fastadmin\thinkphp\lang\zh-cn.php
[ 2018-09-05T11:33:36+08:00 ][ info ] [ ROUTE ] array (
  'type' => 'module',
  'module' => 
  array (
    0 => 'api',
    1 => 'test',
    2 => 'redis',
  ),
)
[ 2018-09-05T11:33:36+08:00 ][ info ] [ HEADER ] array (
)
[ 2018-09-05T11:33:36+08:00 ][ info ] [ PARAM ] array (
)
[ 2018-09-05T11:33:36+08:00 ][ info ] [ LANG ] C:\phpstudy\PHPTutorial\WWW\fastadmin\public/../application/api\lang\zh-cn.php
[ 2018-09-05T11:33:36+08:00 ][ info ] [ BEHAVIOR ] Run app\common\behavior\Common @module_init [ RunTime:0.002000s ]
[ 2018-09-05T11:33:36+08:00 ][ info ] [ RUN ] app\api\controller\Test->redis[ C:\phpstudy\PHPTutorial\WWW\fastadmin\application\api\controller\Test.php ]
[ 2018-09-05T11:33:36+08:00 ][ error ] [0]not support: redis[C:\phpstudy\PHPTutorial\WWW\fastadmin\thinkphp\library\think\cache\driver\Redis.php:44]
[ 2018-09-05T12:06:05+08:00 ][ info ] [ BEHAVIOR ] Run Closure @app_init [ RunTime:0.001000s ]
[ info ] [ LOG ] INIT File
[ 2018-09-05T12:06:05+08:00 ][ info ] [ CACHE ] INIT File
[ 2018-09-05T12:06:05+08:00 ][ info ] [ BEHAVIOR ] Run \addons\epay\Epay @app_init [ RunTime:0.004000s ]
[ 2018-09-05T12:06:05+08:00 ][ info ] [ BEHAVIOR ] Run Closure @app_init [ RunTime:0.005000s ]
[ 2018-09-05T12:06:05+08:00 ][ info ] [ LANG ] C:\phpstudy\PHPTutorial\WWW\fastadmin\thinkphp\lang\zh-cn.php
[ 2018-09-05T12:06:05+08:00 ][ info ] [ ROUTE ] array (
  'type' => 'module',
  'module' => 
  array (
    0 => 'api',
    1 => 'test',
    2 => 'redis',
  ),
)
[ 2018-09-05T12:06:05+08:00 ][ info ] [ HEADER ] array (
)
[ 2018-09-05T12:06:05+08:00 ][ info ] [ PARAM ] array (
)
[ 2018-09-05T12:06:05+08:00 ][ info ] [ LANG ] C:\phpstudy\PHPTutorial\WWW\fastadmin\public/../application/api\lang\zh-cn.php
[ 2018-09-05T12:06:05+08:00 ][ info ] [ BEHAVIOR ] Run app\common\behavior\Common @module_init [ RunTime:0.002000s ]
[ 2018-09-05T12:06:05+08:00 ][ info ] [ RUN ] app\api\controller\Test->redis[ C:\phpstudy\PHPTutorial\WWW\fastadmin\application\api\controller\Test.php ]
[ 2018-09-05T12:06:37+08:00 ][ info ] [ BEHAVIOR ] Run Closure @app_init [ RunTime:0.000000s ]
[ info ] [ LOG ] INIT File
[ 2018-09-05T12:06:37+08:00 ][ info ] [ CACHE ] INIT File
[ 2018-09-05T12:06:37+08:00 ][ info ] [ BEHAVIOR ] Run \addons\epay\Epay @app_init [ RunTime:0.004000s ]
[ 2018-09-05T12:06:37+08:00 ][ info ] [ BEHAVIOR ] Run Closure @app_init [ RunTime:0.005000s ]
[ 2018-09-05T12:06:37+08:00 ][ info ] [ LANG ] C:\phpstudy\PHPTutorial\WWW\fastadmin\thinkphp\lang\zh-cn.php
[ 2018-09-05T12:06:37+08:00 ][ info ] [ ROUTE ] array (
  'type' => 'module',
  'module' => 
  array (
    0 => 'api',
    1 => 'test',
    2 => 'redis',
  ),
)
[ 2018-09-05T12:06:37+08:00 ][ info ] [ HEADER ] array (
)
[ 2018-09-05T12:06:37+08:00 ][ info ] [ PARAM ] array (
)
[ 2018-09-05T12:06:37+08:00 ][ info ] [ LANG ] C:\phpstudy\PHPTutorial\WWW\fastadmin\public/../application/api\lang\zh-cn.php
[ 2018-09-05T12:06:37+08:00 ][ info ] [ BEHAVIOR ] Run app\common\behavior\Common @module_init [ RunTime:0.002000s ]
[ 2018-09-05T12:06:37+08:00 ][ info ] [ RUN ] app\api\controller\Test->redis[ C:\phpstudy\PHPTutorial\WWW\fastadmin\application\api\controller\Test.php ]
[ 2018-09-05T12:06:56+08:00 ][ info ] [ BEHAVIOR ] Run Closure @app_init [ RunTime:0.000000s ]
[ info ] [ LOG ] INIT File
[ 2018-09-05T12:06:56+08:00 ][ info ] [ CACHE ] INIT File
[ 2018-09-05T12:06:56+08:00 ][ info ] [ BEHAVIOR ] Run \addons\epay\Epay @app_init [ RunTime:0.004000s ]
[ 2018-09-05T12:06:56+08:00 ][ info ] [ BEHAVIOR ] Run Closure @app_init [ RunTime:0.004000s ]
[ 2018-09-05T12:06:56+08:00 ][ info ] [ LANG ] C:\phpstudy\PHPTutorial\WWW\fastadmin\thinkphp\lang\zh-cn.php
[ 2018-09-05T12:06:56+08:00 ][ info ] [ ROUTE ] array (
  'type' => 'module',
  'module' => 
  array (
    0 => 'api',
    1 => 'test',
    2 => 'redis',
  ),
)
[ 2018-09-05T12:06:56+08:00 ][ info ] [ HEADER ] array (
)
[ 2018-09-05T12:06:56+08:00 ][ info ] [ PARAM ] array (
)
[ 2018-09-05T12:06:56+08:00 ][ info ] [ LANG ] C:\phpstudy\PHPTutorial\WWW\fastadmin\public/../application/api\lang\zh-cn.php
[ 2018-09-05T12:06:56+08:00 ][ info ] [ BEHAVIOR ] Run app\common\behavior\Common @module_init [ RunTime:0.002001s ]
[ 2018-09-05T12:06:56+08:00 ][ info ] [ RUN ] app\api\controller\Test->redis[ C:\phpstudy\PHPTutorial\WWW\fastadmin\application\api\controller\Test.php ]
[ 2018-09-05T12:07:52+08:00 ][ info ] [ BEHAVIOR ] Run Closure @app_init [ RunTime:0.000000s ]
[ info ] [ LOG ] INIT File
[ 2018-09-05T12:07:52+08:00 ][ info ] [ CACHE ] INIT File
[ 2018-09-05T12:07:52+08:00 ][ info ] [ BEHAVIOR ] Run \addons\epay\Epay @app_init [ RunTime:0.004000s ]
[ 2018-09-05T12:07:52+08:00 ][ info ] [ BEHAVIOR ] Run Closure @app_init [ RunTime:0.005000s ]
[ 2018-09-05T12:07:52+08:00 ][ info ] [ LANG ] C:\phpstudy\PHPTutorial\WWW\fastadmin\thinkphp\lang\zh-cn.php
[ 2018-09-05T12:07:52+08:00 ][ info ] [ ROUTE ] array (
  'type' => 'module',
  'module' => 
  array (
    0 => 'api',
    1 => 'test',
    2 => 'redis',
  ),
)
[ 2018-09-05T12:07:52+08:00 ][ info ] [ HEADER ] array (
)
[ 2018-09-05T12:07:52+08:00 ][ info ] [ PARAM ] array (
)
[ 2018-09-05T12:07:52+08:00 ][ info ] [ LANG ] C:\phpstudy\PHPTutorial\WWW\fastadmin\public/../application/api\lang\zh-cn.php
[ 2018-09-05T12:07:52+08:00 ][ info ] [ BEHAVIOR ] Run app\common\behavior\Common @module_init [ RunTime:0.003000s ]
[ 2018-09-05T12:07:52+08:00 ][ info ] [ RUN ] app\api\controller\Test->redis[ C:\phpstudy\PHPTutorial\WWW\fastadmin\application\api\controller\Test.php ]
[ 2018-09-05T12:11:11+08:00 ][ info ] [ BEHAVIOR ] Run Closure @app_init [ RunTime:0.001000s ]
[ info ] [ LOG ] INIT File
[ 2018-09-05T12:11:11+08:00 ][ info ] [ CACHE ] INIT File
[ 2018-09-05T12:11:11+08:00 ][ info ] [ BEHAVIOR ] Run \addons\epay\Epay @app_init [ RunTime:0.004000s ]
[ 2018-09-05T12:11:11+08:00 ][ info ] [ BEHAVIOR ] Run Closure @app_init [ RunTime:0.005001s ]
[ 2018-09-05T12:11:11+08:00 ][ info ] [ LANG ] C:\phpstudy\PHPTutorial\WWW\fastadmin\thinkphp\lang\zh-cn.php
[ 2018-09-05T12:11:11+08:00 ][ info ] [ ROUTE ] array (
  'type' => 'module',
  'module' => 
  array (
    0 => 'api',
    1 => 'test',
    2 => 'redis',
  ),
)
[ 2018-09-05T12:11:11+08:00 ][ info ] [ HEADER ] array (
)
[ 2018-09-05T12:11:11+08:00 ][ info ] [ PARAM ] array (
)
[ 2018-09-05T12:11:11+08:00 ][ info ] [ LANG ] C:\phpstudy\PHPTutorial\WWW\fastadmin\public/../application/api\lang\zh-cn.php
[ 2018-09-05T12:11:11+08:00 ][ info ] [ BEHAVIOR ] Run app\common\behavior\Common @module_init [ RunTime:0.003000s ]
[ 2018-09-05T12:11:11+08:00 ][ info ] [ RUN ] app\api\controller\Test->redis[ C:\phpstudy\PHPTutorial\WWW\fastadmin\application\api\controller\Test.php ]
[ 2018-09-05T12:12:52+08:00 ][ info ] [ BEHAVIOR ] Run Closure @app_init [ RunTime:0.000000s ]
[ info ] [ LOG ] INIT File
[ 2018-09-05T12:12:52+08:00 ][ info ] [ CACHE ] INIT File
[ 2018-09-05T12:12:52+08:00 ][ info ] [ BEHAVIOR ] Run \addons\epay\Epay @app_init [ RunTime:0.004000s ]
[ 2018-09-05T12:12:52+08:00 ][ info ] [ BEHAVIOR ] Run Closure @app_init [ RunTime:0.005000s ]
[ 2018-09-05T12:12:52+08:00 ][ info ] [ LANG ] C:\phpstudy\PHPTutorial\WWW\fastadmin\thinkphp\lang\zh-cn.php
[ 2018-09-05T12:12:52+08:00 ][ info ] [ ROUTE ] array (
  'type' => 'module',
  'module' => 
  array (
    0 => 'api',
    1 => 'test',
    2 => 'redis',
  ),
)
[ 2018-09-05T12:12:52+08:00 ][ info ] [ HEADER ] array (
)
[ 2018-09-05T12:12:52+08:00 ][ info ] [ PARAM ] array (
)
[ 2018-09-05T12:12:52+08:00 ][ info ] [ LANG ] C:\phpstudy\PHPTutorial\WWW\fastadmin\public/../application/api\lang\zh-cn.php
[ 2018-09-05T12:12:52+08:00 ][ info ] [ BEHAVIOR ] Run app\common\behavior\Common @module_init [ RunTime:0.002000s ]
[ 2018-09-05T12:12:52+08:00 ][ info ] [ RUN ] app\api\controller\Test->redis[ C:\phpstudy\PHPTutorial\WWW\fastadmin\application\api\controller\Test.php ]
